-3.513698e-001
-5.720738e-001
-3.327610e-001
1.470438e-001
3.650319e-001
1.428644e-001
-1.577472e-001
-6.994976e-002
4.155185e-001
8.400850e-001
8.292925e-001
5.439249e-001
4.846002e-001
8.857322e-001
1.430411e+000
1.628487e+000
1.403304e+000
1.179174e+000
1.363709e+000
1.850650e+000
2.140862e+000
1.937734e+000
1.497577e+000
1.313992e+000
1.516132e+000
1.707243e+000
1.437596e+000
7.430428e-001
9.879229e-002
-1.550338e-001
-2.228704e-001
-6.052469e-001
-1.491220e+000
-2.524136e+000
-3.223281e+000
-3.552995e+000
-3.952859e+000
-4.792947e+000
-5.910772e+000
-6.788547e+000
-7.157177e+000
-7.299434e+000
-7.685926e+000
-8.384898e+000
-8.955939e+000
-8.958111e+000
-8.458143e+000
-7.928487e+000
-7.657199e+000
-7.382456e+000
-6.591330e+000
-5.126112e+000
-3.363430e+000
-1.753803e+000
-2.754706e-001
1.537868e+000
4.030038e+000
6.997571e+000
9.921424e+000
1.257393e+001
1.527122e+001
1.846512e+001
2.216812e+001
2.590455e+001
2.924737e+001
3.229363e+001
3.550623e+001
3.911293e+001
4.278813e+001
4.600169e+001
4.861463e+001
5.100425e+001
5.356887e+001
5.620917e+001
5.841241e+001
5.983919e+001
6.070442e+001
6.149494e+001
6.236378e+001
6.293231e+001
6.273828e+001
6.179085e+001
6.056177e+001
5.942535e+001
5.822024e+001
5.646278e+001
5.395372e+001
5.104595e+001
4.825133e+001
4.565859e+001
4.286458e+001
3.950139e+001
3.572163e+001
3.205848e+001
2.882622e+001
2.578518e+001
2.247343e+001
1.880497e+001
1.521292e+001
1.216390e+001
9.629305e+000
7.150153e+000
4.416915e+000
1.665497e+000
-5.890323e-001
-2.159303e+000
-3.401785e+000
-4.781874e+000
-6.311099e+000
-7.536751e+000
-8.093669e+000
-8.155124e+000
-8.237147e+000
-8.592162e+000
-8.923510e+000
-8.763139e+000
-8.057923e+000
-7.256695e+000
-6.792128e+000
-6.583116e+000
-6.155306e+000
-5.236068e+000
-4.104458e+000
-3.275189e+000
-2.896521e+000
-2.588471e+000
-1.915442e+000
-9.245463e-001
-9.917652e-002
2.155779e-001
2.224862e-001
4.237434e-001
1.013374e+000
1.642909e+000
1.842891e+000
1.591798e+000
1.345978e+000
1.494612e+000
1.896328e+000
2.056081e+000
1.728758e+000
1.221913e+000
1.031306e+000
1.250246e+000
1.462840e+000
1.251681e+000
7.055960e-001
3.172880e-001
3.928229e-001
6.857891e-001
6.957503e-001
2.742874e-001
-1.961017e-001
-2.626354e-001
5.147021e-002
2.746725e-001
5.411601e-002
-4.194922e-001
-6.434885e-001
-4.100373e-001
-5.830256e-002
3.398498e-001
3.053147e-001
-1.193713e-001
-4.211494e-001
-2.351441e-001
2.154063e-001
3.884667e-001
7.644265e-002
-3.430983e-001
-3.633015e-001
4.170075e-002
3.848528e-001
2.536190e-001
-1.921730e-001
-4.138450e-001
-1.426495e-001
2.959030e-001
3.745021e-001
-2.926403e-014
-3.745021e-001
-2.959030e-001
1.426495e-001
4.138450e-001
1.921730e-001
-2.536190e-001
-3.848528e-001
-4.170075e-002
3.633015e-001
3.430983e-001
-7.644265e-002
-3.884667e-001
-2.154063e-001
2.351441e-001
4.211494e-001
1.193713e-001
-3.053147e-001
-3.398498e-001
5.830256e-002
4.100373e-001
2.921187e-001
-1.525816e-001
-3.868770e-001
-1.276287e-001
3.135617e-001
4.054998e-001
3.835450e-002
-3.442371e-001
-2.802318e-001
1.542959e-001
4.364696e-001
2.266369e-001
-2.209958e-001
-3.659487e-001
-3.242883e-002
3.782407e-001
3.719977e-001
-4.273884e-002
-3.650490e-001
-2.054310e-001
2.445338e-001
4.431216e-001
1.515992e-001
-2.778064e-001
-3.267592e-001
6.433487e-002
4.242218e-001
3.192995e-001
-1.236939e-001
-3.706117e-001
-1.236939e-001
3.192995e-001
4.242218e-001
6.433487e-002
-3.267592e-001
-2.778064e-001
1.515992e-001
4.431216e-001
2.445338e-001
-2.054310e-001
-3.650490e-001
-4.273884e-002
3.719977e-001
3.782407e-001
-3.242883e-002
-3.659487e-001
-2.209958e-001
2.266369e-001
4.364696e-001
1.542959e-001
-2.802318e-001
-3.442371e-001
3.835450e-002
4.054998e-001
3.135617e-001
-1.276287e-001
-3.868770e-001
-1.525816e-001
2.921187e-001
4.100373e-001
5.830256e-002
-3.398498e-001
-3.053147e-001
1.193713e-001
4.211494e-001
2.351441e-001
-2.154063e-001
-3.884667e-001
-7.644265e-002
3.430983e-001
3.633015e-001
-4.170075e-002
-3.848528e-001
-2.536190e-001
1.921730e-001
4.138450e-001
1.426495e-001
-2.959030e-001
-3.745021e-001
2.926403e-014
3.745021e-001
2.959030e-001
-1.426495e-001
-4.138450e-001
-1.921730e-001
2.536190e-001
3.848528e-001
4.170075e-002
-3.633015e-001
-3.430983e-001
7.644265e-002
3.884667e-001
2.154063e-001
-2.351441e-001
-4.211494e-001
-1.193713e-001
3.053147e-001
3.398498e-001
-5.830256e-002
-4.100373e-001
-2.921187e-001
1.525816e-001
3.868770e-001
1.276287e-001
-3.135617e-001
-4.054998e-001
-3.835450e-002
3.442371e-001
2.802318e-001
-1.542959e-001
-4.364696e-001
-2.266369e-001
2.209958e-001
3.659487e-001
3.242883e-002
-3.782407e-001
-3.719977e-001
4.273884e-002
3.650490e-001
2.054310e-001
-2.445338e-001
-4.431216e-001
-1.515992e-001
2.778064e-001
3.267592e-001
-6.433487e-002
-4.242218e-001
-3.192995e-001
1.236939e-001
3.706117e-001
1.236939e-001
-3.192995e-001
-4.242218e-001
-6.433487e-002
3.267592e-001
2.778064e-001
-1.515992e-001
-4.431216e-001
-2.445338e-001
2.054310e-001
3.650490e-001
4.273884e-002
-3.719977e-001
-3.782407e-001
3.242883e-002
3.659487e-001
2.209958e-001
-2.266369e-001
-4.364696e-001
-1.542959e-001
2.802318e-001
3.442371e-001
-3.835450e-002
-4.054998e-001
-3.135617e-001
1.276287e-001
3.868770e-001
1.525816e-001
-2.921187e-001
-4.100373e-001
-5.830256e-002
3.398498e-001
3.053147e-001
-1.193713e-001
-4.211494e-001
-2.351441e-001
2.154063e-001
3.884667e-001
7.644265e-002
-3.430983e-001
-3.633015e-001
4.170075e-002
3.848528e-001
2.536190e-001
-1.921730e-001
-4.138450e-001
-1.426495e-001
2.959030e-001
3.745021e-001
-2.926403e-014
-3.745021e-001
-2.959030e-001
1.426495e-001
4.138450e-001
1.921730e-001
-2.536190e-001
-3.848528e-001
-4.170075e-002
3.633015e-001
3.430983e-001
-7.644265e-002
-3.884667e-001
-2.154063e-001
2.351441e-001
4.211494e-001
1.193713e-001
-3.053147e-001
-3.398498e-001
5.830256e-002
4.100373e-001
2.921187e-001
-1.525816e-001
-3.868770e-001
-1.276287e-001
3.135617e-001
4.054998e-001
3.835450e-002
-3.442371e-001
-2.802318e-001
1.542959e-001
4.364696e-001
2.266369e-001
-2.209958e-001
-3.659487e-001
-3.242883e-002
3.782407e-001
3.719977e-001
-4.273884e-002
-3.650490e-001
-2.054310e-001
2.445338e-001
4.431216e-001
1.515992e-001
-2.778064e-001
-3.267592e-001
6.433487e-002
4.242218e-001
3.192995e-001
-1.236939e-001
-3.706117e-001
-1.236939e-001
3.192995e-001
4.242218e-001
6.433487e-002
-3.267592e-001
-2.778064e-001
1.515992e-001
4.431216e-001
2.445338e-001
-2.054310e-001
-3.650490e-001
-4.273884e-002
3.719977e-001
3.782407e-001
-3.242883e-002
-3.659487e-001
-2.209958e-001
2.266369e-001
4.364696e-001
1.542959e-001
-2.802318e-001
-3.442371e-001
3.835450e-002
4.054998e-001
3.135617e-001
-1.276287e-001
-3.868770e-001
-1.525816e-001
2.921187e-001
4.100373e-001
5.830256e-002
-3.398498e-001
-3.053147e-001
1.193713e-001
4.211494e-001
2.351441e-001
-2.154063e-001
-3.884667e-001
-7.644265e-002
3.430983e-001
3.633015e-001
-4.170075e-002
-3.848528e-001
-2.536190e-001
1.921730e-001
4.138450e-001
1.426495e-001
-2.959030e-001
-3.745021e-001
2.926403e-014
3.745021e-001
2.959030e-001
-1.426495e-001
-4.138450e-001
-1.921730e-001
2.536190e-001
3.848528e-001
4.170075e-002
-3.633015e-001
-3.430983e-001
7.644265e-002
3.884667e-001
2.154063e-001
-2.351441e-001
-4.211494e-001
-1.193713e-001
3.053147e-001
3.398498e-001
-5.830256e-002
-4.100373e-001
-2.921187e-001
1.525816e-001
3.868770e-001
1.276287e-001
-3.135617e-001
-4.054998e-001
-3.835450e-002
3.442371e-001
2.802318e-001
-1.542959e-001
-4.364696e-001
-2.266369e-001
2.209958e-001
3.659487e-001
3.242883e-002
-3.782407e-001
-3.719977e-001
4.273884e-002
3.650490e-001
2.054310e-001
-2.445338e-001
-4.431216e-001
-1.515992e-001
2.778064e-001
3.267592e-001
-6.433487e-002
-4.242218e-001
-3.192995e-001
1.236939e-001
3.706117e-001
1.236939e-001
-3.192995e-001
-4.242218e-001
-6.433487e-002
3.267592e-001
2.778064e-001
-1.515992e-001
-4.431216e-001
-2.445338e-001
2.054310e-001
3.650490e-001
4.273884e-002
-3.719977e-001
-3.782407e-001
3.242883e-002
3.659487e-001
2.209958e-001
-2.266369e-001
-4.364696e-001
-1.542959e-001
2.802318e-001
3.442371e-001
-3.835450e-002
-4.054998e-001
-3.135617e-001
1.276287e-001
3.868770e-001
1.525816e-001
-2.921187e-001
-4.100373e-001
-5.830256e-002
3.398498e-001
3.053147e-001
-1.193713e-001
-4.211494e-001
-2.351441e-001
2.154063e-001
3.884667e-001
7.644265e-002
-3.430983e-001
-3.633015e-001
4.170075e-002
3.848528e-001
2.536190e-001
-1.921730e-001
-4.138450e-001
-1.426495e-001
2.959030e-001
3.745021e-001
-2.926403e-014
-3.745021e-001
-2.959030e-001
1.426495e-001
4.138450e-001
1.921730e-001
-2.536190e-001
-3.848528e-001
-4.170075e-002
3.633015e-001
3.430983e-001
-7.644265e-002
-3.884667e-001
-2.154063e-001
2.351441e-001
4.211494e-001
1.193713e-001
-3.053147e-001
-3.398498e-001
5.830256e-002
4.100373e-001
2.921187e-001
-1.525816e-001
-3.868770e-001
-1.276287e-001
3.135617e-001
4.054998e-001
3.835450e-002
-3.442371e-001
-2.802318e-001
1.542959e-001
4.364696e-001
2.266369e-001
-2.209958e-001
-3.659487e-001
-3.242883e-002
3.782407e-001
3.719977e-001
-4.273884e-002
-3.650490e-001
-2.054310e-001
2.445338e-001
4.431216e-001
1.515992e-001
-2.778064e-001
-3.267592e-001
6.433487e-002
4.242218e-001
3.192995e-001
-1.236939e-001
-3.706117e-001
-1.236939e-001
3.192995e-001
4.242218e-001
6.433487e-002
-3.267592e-001
-2.778064e-001
1.515992e-001
4.431216e-001
2.445338e-001
-2.054310e-001
-3.650490e-001
-4.273884e-002
3.719977e-001
3.782407e-001
-3.242883e-002
-3.659487e-001
-2.209958e-001
2.266369e-001
4.364696e-001
1.542959e-001
-2.802318e-001
-3.442371e-001
3.835450e-002
4.054998e-001
3.135617e-001
-1.276287e-001
-3.868770e-001
-1.525816e-001
2.921187e-001
4.100373e-001
5.830256e-002
-3.398498e-001
-3.053147e-001
1.193713e-001
4.211494e-001
2.351441e-001
-2.154063e-001
-3.884667e-001
-7.644265e-002
3.430983e-001
3.633015e-001
-4.170075e-002
-3.848528e-001
-2.536190e-001
1.921730e-001
4.138450e-001
1.426495e-001
-2.959030e-001
-3.745021e-001
2.926403e-014
3.745021e-001
2.959030e-001
-1.426495e-001
-4.138450e-001
-1.921730e-001
2.536190e-001
3.848528e-001
4.170075e-002
-3.633015e-001
-3.430983e-001
7.644265e-002
3.884667e-001
2.154063e-001
-2.351441e-001
-4.211494e-001
-1.193713e-001
3.053147e-001
3.398498e-001
-5.830256e-002
-4.100373e-001
-2.921187e-001
1.525816e-001
3.868770e-001
1.276287e-001
-3.135617e-001
-4.054998e-001
-3.835450e-002
3.442371e-001
2.802318e-001
-1.542959e-001
-4.364696e-001
-2.266369e-001
2.209958e-001
3.659487e-001
3.242883e-002
-3.782407e-001
-3.719977e-001
4.273884e-002
3.650490e-001
2.054310e-001
-2.445338e-001
-4.431216e-001
-1.515992e-001
2.778064e-001
3.267592e-001
-6.433487e-002
-4.242218e-001
-3.192995e-001
1.236939e-001
3.706117e-001
1.236939e-001
-3.192995e-001
-4.242218e-001
-6.433487e-002
3.267592e-001
2.778064e-001
-1.515992e-001
-4.431216e-001
-2.445338e-001
2.054310e-001
3.650490e-001
4.273884e-002
-3.719977e-001
-3.782407e-001
3.242883e-002
3.659487e-001
2.209958e-001
-2.266369e-001
-4.364696e-001
-1.542959e-001
2.802318e-001
3.442371e-001
-3.835450e-002
-4.054998e-001
-3.135617e-001
1.276287e-001
3.868770e-001
1.525816e-001
-2.921187e-001
-4.100373e-001
-5.830256e-002
3.398498e-001
3.053147e-001
-1.193713e-001
-4.211494e-001
-2.351441e-001
2.154063e-001
3.884667e-001
7.644265e-002
-3.430983e-001
-3.633015e-001
4.170075e-002
3.848528e-001
2.536190e-001
-1.921730e-001
-4.138450e-001
-1.426495e-001
2.959030e-001
3.745021e-001
-2.926403e-014
-3.745021e-001
-2.959030e-001
1.426495e-001
4.138450e-001
1.921730e-001
-2.536190e-001
-3.848528e-001
-4.170075e-002
3.633015e-001
3.430983e-001
-7.644265e-002
-3.884667e-001
-2.154063e-001
2.351441e-001
4.211494e-001
1.193713e-001
-3.053147e-001
-3.398498e-001
5.830256e-002
4.100373e-001
2.921187e-001
-1.525816e-001
-3.868770e-001
-1.276287e-001
3.135617e-001
4.054998e-001
3.835450e-002
-3.442371e-001
-2.802318e-001
1.542959e-001
4.364696e-001
2.266369e-001
-2.209958e-001
-3.659487e-001
-3.242883e-002
3.782407e-001
3.719977e-001
-4.273884e-002
-3.650490e-001
-2.054310e-001
2.445338e-001
4.431216e-001
1.515992e-001
-2.778064e-001
-3.267592e-001
6.433487e-002
4.242218e-001
3.192995e-001
-1.236939e-001
-3.706117e-001
-1.236939e-001
3.192995e-001
4.242218e-001
6.433487e-002
-3.267592e-001
-2.778064e-001
1.515992e-001
4.431216e-001
2.445338e-001
-2.054310e-001
-3.650490e-001
-4.273884e-002
3.719977e-001
3.782407e-001
-3.242883e-002
-3.659487e-001
-2.209958e-001
2.266369e-001
4.364696e-001
1.542959e-001
-2.802318e-001
-3.442371e-001
3.835450e-002
4.054998e-001
3.135617e-001
-1.276287e-001
-3.868770e-001
-1.525816e-001
2.921187e-001
4.100373e-001
5.830256e-002
-3.398498e-001
-3.053147e-001
1.193713e-001
4.211494e-001
2.351441e-001
-2.154063e-001
-3.884667e-001
-7.644265e-002
3.430983e-001
3.633015e-001
-4.170075e-002
-3.848528e-001
-2.536190e-001
1.921730e-001
4.138450e-001
1.426495e-001
-2.959030e-001
-3.745021e-001
2.926403e-014
3.745021e-001
2.959030e-001
-1.426495e-001
-4.138450e-001
-1.921730e-001
2.536190e-001
3.848528e-001
4.170075e-002
-3.633015e-001
-3.430983e-001
7.644265e-002
3.884667e-001
2.154063e-001
-2.351441e-001
-4.211494e-001
-1.193713e-001
3.053147e-001
3.398498e-001
-5.830256e-002
-4.100373e-001
-2.921187e-001
1.525816e-001
3.868770e-001
1.276287e-001
-3.135617e-001
-4.054998e-001
-3.835450e-002
3.442371e-001
2.802318e-001
-1.542959e-001
-4.364696e-001
-2.266369e-001
2.209958e-001
3.659487e-001
3.242883e-002
-3.782407e-001
-3.719977e-001
4.273884e-002
3.650490e-001
2.054310e-001
-2.445338e-001
-4.431216e-001
-1.515992e-001
2.778064e-001
3.267592e-001
-6.433487e-002
-4.242218e-001
-3.192995e-001
1.236939e-001
3.706117e-001
1.236939e-001
-3.192995e-001
-4.242218e-001
-6.433487e-002
3.267592e-001
2.778064e-001
-1.515992e-001
-4.431216e-001
-2.445338e-001
2.054310e-001
3.650490e-001
4.273884e-002
-3.719977e-001
-3.782407e-001
3.242883e-002
3.659487e-001
2.209958e-001
-2.266369e-001
-4.364696e-001
-1.542959e-001
2.802318e-001
3.442371e-001
-3.835450e-002
-4.054998e-001
-3.135617e-001
1.276287e-001
3.868770e-001
1.525816e-001
-2.921187e-001
-4.100373e-001
-5.830256e-002
3.398498e-001
3.053147e-001
-1.193713e-001
-4.211494e-001
-2.351441e-001
2.154063e-001
3.884667e-001
7.644265e-002
-3.430983e-001
-3.633015e-001
4.170075e-002
3.848528e-001
2.536190e-001
-1.921730e-001
-4.138450e-001
-1.426495e-001
2.959030e-001
3.745021e-001
-2.926403e-014
-3.745021e-001
-2.959030e-001
1.426495e-001
4.138450e-001
1.921730e-001
-2.536190e-001
-3.848528e-001
-4.170075e-002
3.633015e-001
3.430983e-001
-7.644265e-002
-3.884667e-001
-2.154063e-001
2.351441e-001
4.211494e-001
1.193713e-001
-3.053147e-001
-3.398498e-001
5.830256e-002
4.100373e-001
2.921187e-001
-1.525816e-001
-3.868770e-001
-1.276287e-001
3.135617e-001
4.054998e-001
3.835450e-002
-3.442371e-001
-2.802318e-001
1.542959e-001
4.364696e-001
2.266369e-001
-2.209958e-001
-3.659487e-001
-3.242883e-002
3.782407e-001
3.719977e-001
-4.273884e-002
-3.650490e-001
-2.054310e-001
2.445338e-001
4.431216e-001
1.515992e-001
-2.778064e-001
-3.267592e-001
6.433487e-002
4.242218e-001
3.192995e-001
-1.236939e-001
-3.706117e-001
-1.236939e-001
3.192995e-001
4.242218e-001
6.433487e-002
-3.267592e-001
-2.778064e-001
1.515992e-001
4.431216e-001
2.445338e-001
-2.054310e-001
-3.650490e-001
-4.273884e-002
3.719977e-001
3.782407e-001
-3.242883e-002
-3.659487e-001
-2.209958e-001
2.266369e-001
4.364696e-001
1.542959e-001
-2.802318e-001
-3.442371e-001
3.835450e-002
4.054998e-001
3.135617e-001
-1.276287e-001
-3.868770e-001
-1.525816e-001
2.921187e-001
4.100373e-001
5.830256e-002
-3.398498e-001
-3.053147e-001
1.193713e-001
4.211494e-001
2.351441e-001
-2.154063e-001
-3.884667e-001
-7.644265e-002
3.430983e-001
3.633015e-001
-4.170075e-002
-3.848528e-001
-2.536190e-001
1.921730e-001
4.138450e-001
1.426495e-001
-2.959030e-001
-3.745021e-001
2.926403e-014
3.745021e-001
2.959030e-001
-1.426495e-001
-4.138450e-001
-1.921730e-001
2.536190e-001
3.848528e-001
4.170075e-002
-3.633015e-001
-3.430983e-001
7.644265e-002
3.884667e-001
2.154063e-001
-2.351441e-001
-4.211494e-001
-1.193713e-001
3.053147e-001
3.398498e-001
-5.830256e-002
-4.100373e-001
-2.921187e-001
1.525816e-001
3.868770e-001
1.276287e-001
-3.135617e-001
-4.054998e-001
-3.835450e-002
3.442371e-001
2.802318e-001
-1.542959e-001
-4.364696e-001
-2.266369e-001
2.209958e-001
3.659487e-001
3.242883e-002
-3.782407e-001
-3.719977e-001
4.273884e-002
3.650490e-001
2.054310e-001
-2.445338e-001
-4.431216e-001
-1.515992e-001
2.778064e-001
3.267592e-001
-6.433487e-002
-4.242218e-001
-3.192995e-001
1.236939e-001
3.706117e-001
1.236939e-001
-3.192995e-001
-4.242218e-001
-6.433487e-002
3.267592e-001
2.778064e-001
-1.515992e-001
-4.431216e-001
-2.445338e-001
2.054310e-001
3.650490e-001
4.273884e-002
-3.719977e-001
-3.782407e-001
3.242883e-002
3.659487e-001
2.209958e-001
-2.266369e-001
-4.364696e-001
-1.542959e-001
2.802318e-001
3.442371e-001
-3.835450e-002
-4.054998e-001
-3.135617e-001
1.276287e-001
3.868770e-001
1.525816e-001
-2.921187e-001
-4.100373e-001
-5.830256e-002
3.398498e-001
3.053147e-001
-1.193713e-001
-4.211494e-001
-2.351441e-001
2.154063e-001
3.884667e-001
7.644265e-002
-3.430983e-001
-3.633015e-001
4.170075e-002
3.848528e-001
2.536190e-001
-1.921730e-001
-4.138450e-001
-1.426495e-001
2.959030e-001
3.745021e-001
-2.926403e-014
-3.745021e-001
-2.959030e-001
1.426495e-001
4.138450e-001
1.921730e-001
-2.536190e-001
-3.848528e-001
-4.170075e-002
3.633015e-001
3.430983e-001
-7.644265e-002
-3.884667e-001
-2.154063e-001
2.351441e-001
4.211494e-001
1.193713e-001
-3.053147e-001
-3.398498e-001
5.830256e-002
4.100373e-001
2.921187e-001
-1.525816e-001
-3.868770e-001
-1.276287e-001
3.135617e-001
4.054998e-001
3.835450e-002
-3.442371e-001
-2.802318e-001
1.542959e-001
4.364696e-001
2.266369e-001
-2.209958e-001
-3.659487e-001
-3.242883e-002
3.782407e-001
3.719977e-001
-4.273884e-002
-3.650490e-001
-2.054310e-001
2.445338e-001
4.431216e-001
1.515992e-001
-2.778064e-001
-3.267592e-001
6.433487e-002
4.242218e-001
3.192995e-001
-1.236939e-001
-3.706117e-001
-1.236939e-001
3.192995e-001
4.242218e-001
6.433487e-002
-3.267592e-001
-2.778064e-001
1.515992e-001
4.431216e-001
2.445338e-001
-2.054310e-001
-3.650490e-001
-4.273884e-002
3.719977e-001
3.782407e-001
-3.242883e-002
-3.659487e-001
-2.209958e-001
2.266369e-001
4.364696e-001
1.542959e-001
-2.802318e-001
-3.442371e-001
3.835450e-002
4.054998e-001
3.135617e-001
-1.276287e-001
-3.868770e-001
-1.525816e-001
2.921187e-001
4.100373e-001
5.830256e-002
-3.398498e-001
-3.053147e-001
1.193713e-001
4.211494e-001
2.351441e-001
-2.154063e-001
-3.884667e-001
-7.644265e-002
3.430983e-001
3.633015e-001
-4.170075e-002
-3.848528e-001
-2.536190e-001
1.921730e-001
4.138450e-001
1.426495e-001
-2.959030e-001
-3.745021e-001
2.926403e-014
3.745021e-001
2.959030e-001
-1.426495e-001
-4.138450e-001
-1.921730e-001
2.536190e-001
3.848528e-001
4.170075e-002
-3.633015e-001
-3.430983e-001
7.644265e-002
3.884667e-001
2.154063e-001
-2.351441e-001
-4.211494e-001
-1.193713e-001
3.053147e-001
3.398498e-001
-5.830256e-002
-4.100373e-001
-2.921187e-001
1.525816e-001
3.868770e-001
1.276287e-001
-3.135617e-001
-4.054998e-001
-3.835450e-002
3.442371e-001
2.802318e-001
-1.542959e-001
-4.364696e-001
-2.266369e-001
2.209958e-001
3.659487e-001
3.242883e-002
-3.782407e-001
-3.719977e-001
4.273884e-002
3.650490e-001
2.054310e-001
-2.445338e-001
-4.431216e-001
-1.515992e-001
2.778064e-001
3.267592e-001
-6.433487e-002
-4.242218e-001
-3.192995e-001
1.236939e-001
3.706117e-001
1.236939e-001
-3.192995e-001
-4.242218e-001
-6.433487e-002
3.267592e-001
2.778064e-001
-1.515992e-001
-4.431216e-001
-2.445338e-001
2.054310e-001
3.650490e-001
4.273884e-002
-3.719977e-001
-3.782407e-001
3.242883e-002
3.659487e-001
2.209958e-001
-2.266369e-001
-4.364696e-001
-1.542959e-001
2.802318e-001
3.442371e-001
-3.835450e-002
-4.054998e-001
-3.135617e-001
1.276287e-001
3.868770e-001
1.525816e-001
-2.921187e-001
-4.100373e-001
-5.830256e-002
3.398498e-001
3.053147e-001
-1.193713e-001
-4.211494e-001
-2.351441e-001
2.154063e-001
3.884667e-001
7.644265e-002
-3.430983e-001
-3.633015e-001
4.170075e-002
3.848528e-001
2.536190e-001
-1.921730e-001
-4.138450e-001
-1.426495e-001
2.959030e-001
3.745021e-001
-2.926403e-014
-3.745021e-001
-2.959030e-001
1.426495e-001
4.138450e-001
1.921730e-001
-2.536190e-001
-3.848528e-001
-4.170075e-002
3.633015e-001
3.430983e-001
-7.644265e-002
-3.884667e-001
-2.154063e-001
2.351441e-001
4.211494e-001
1.193713e-001
-3.053147e-001
-3.398498e-001
5.830256e-002
4.100373e-001
2.921187e-001
-1.525816e-001
-3.868770e-001
-1.276287e-001
3.135617e-001
4.054998e-001
3.835450e-002
-3.442371e-001
-2.802318e-001
1.542959e-001
4.364696e-001
2.266369e-001
-2.209958e-001
-3.659487e-001
-3.242883e-002
3.782407e-001
3.719977e-001
-4.273884e-002
-3.650490e-001
-2.054310e-001
2.445338e-001
4.431216e-001
1.515992e-001
-2.778064e-001
-3.267592e-001
6.433487e-002
4.242218e-001
3.192995e-001
-1.236939e-001
-3.706117e-001
-1.236939e-001
3.192995e-001
4.242218e-001
6.433487e-002
-3.267592e-001
-2.778064e-001
1.515992e-001
4.431216e-001
2.445338e-001
-2.054310e-001
-3.650490e-001
-4.273884e-002
3.719977e-001
3.782407e-001
-3.242883e-002
-3.659487e-001
-2.209958e-001
2.266369e-001
4.364696e-001
1.542959e-001
-2.802318e-001
-3.442371e-001
3.835450e-002
4.054998e-001
3.135617e-001
-1.276287e-001
-3.868770e-001
-1.525816e-001
2.921187e-001
4.100373e-001
5.830256e-002
-3.398498e-001
-3.053147e-001
1.193713e-001
4.211494e-001
2.351441e-001
-2.154063e-001
-3.884667e-001
-7.644265e-002
3.430983e-001
3.633015e-001
-4.170075e-002
-3.848528e-001
-2.536190e-001
1.921730e-001
4.138450e-001
1.426495e-001
-2.959030e-001
-3.745021e-001
2.926403e-014
3.745021e-001
2.959030e-001
-1.426495e-001
-4.138450e-001
-1.921730e-001
2.536190e-001
3.848528e-001
4.170075e-002
-3.633015e-001
-3.430983e-001
7.644265e-002
3.884667e-001
2.154063e-001
-2.351441e-001
-4.211494e-001
-1.193713e-001
3.053147e-001
3.398498e-001
-5.830256e-002
-4.100373e-001
-2.921187e-001
1.525816e-001
3.868770e-001
1.276287e-001
-3.135617e-001
-4.054998e-001
-3.835450e-002
3.442371e-001
2.802318e-001
-1.542959e-001
-4.364696e-001
-2.266369e-001
2.209958e-001
3.659487e-001
3.242883e-002
-3.782407e-001
-3.719977e-001
4.273884e-002
3.650490e-001
2.054310e-001
-2.445338e-001
-4.431216e-001
-1.515992e-001
2.778064e-001
3.267592e-001
-6.433487e-002
-4.242218e-001
-3.192995e-001
1.236939e-001
3.706117e-001
1.236939e-001
-3.192995e-001
-4.242218e-001
-6.433487e-002
3.267592e-001
2.778064e-001
-1.515992e-001
-4.431216e-001
-2.445338e-001
2.054310e-001
3.650490e-001
4.273884e-002
-3.719977e-001
-3.782407e-001
3.242883e-002
3.659487e-001
2.209958e-001
-2.266369e-001
-4.364696e-001
-1.542959e-001
2.802318e-001
3.442371e-001
-3.835450e-002
-4.054998e-001
-3.135617e-001
1.276287e-001
3.868770e-001
1.525816e-001
-2.921187e-001
-4.100373e-001
-5.830256e-002
3.398498e-001
3.053147e-001
-1.193713e-001
-4.211494e-001
-2.351441e-001
2.154063e-001
3.884667e-001
7.644265e-002
-3.430983e-001
-3.633015e-001
4.170075e-002
3.848528e-001
2.536190e-001
-1.921730e-001
-4.138450e-001
-1.426495e-001
2.959030e-001
3.745021e-001
-2.926403e-014
-3.745021e-001
-2.959030e-001
1.426495e-001
4.138450e-001
1.921730e-001
-2.536190e-001
-3.848528e-001
-4.170075e-002
3.633015e-001
3.430983e-001
-7.644265e-002
-3.884667e-001
-2.154063e-001
2.351441e-001
4.211494e-001
1.193713e-001
-3.053147e-001
-3.398498e-001
5.830256e-002
4.100373e-001
2.921187e-001
-1.525816e-001
-3.868770e-001
-1.276287e-001
3.135617e-001
4.054998e-001
3.835450e-002
-3.442371e-001
-2.802318e-001
1.542959e-001
4.364696e-001
2.266369e-001
-2.209958e-001
-3.659487e-001
-3.242883e-002
3.782407e-001
3.719977e-001
-4.273884e-002
-3.650490e-001
-2.054310e-001
2.445338e-001
4.431216e-001
1.515992e-001
-2.778064e-001
-3.267592e-001
6.433487e-002
4.242218e-001
3.192995e-001
-1.236939e-001
-3.706117e-001
-1.236939e-001
3.192995e-001
4.242218e-001
6.433487e-002
-3.267592e-001
-2.778064e-001
1.515992e-001
4.431216e-001
2.445338e-001
-2.054310e-001
-3.650490e-001
-4.273884e-002
3.719977e-001
3.782407e-001
-3.242883e-002
-3.659487e-001
-2.209958e-001
2.266369e-001
4.364696e-001
1.542959e-001
-2.802318e-001
-3.442371e-001
3.835450e-002
4.054998e-001
3.135617e-001
-1.276287e-001
-3.868770e-001
-1.525816e-001
2.921187e-001
4.100373e-001
5.830256e-002
-3.398498e-001
-3.053147e-001
1.193713e-001
4.211494e-001
2.351441e-001
-2.154063e-001
-3.884667e-001
-7.644265e-002
3.430983e-001
3.633015e-001
-4.170075e-002
-3.848528e-001
-2.536190e-001
1.921730e-001
4.138450e-001
1.426495e-001
-2.959030e-001
-3.745021e-001
2.926403e-014
3.745021e-001
2.959030e-001
-1.426495e-001
-4.138450e-001
-1.921730e-001
2.536190e-001
3.848528e-001
4.170075e-002
-3.633015e-001
-3.430983e-001
7.644265e-002
3.884667e-001
2.154063e-001
-2.351441e-001
-4.211494e-001
-1.193713e-001
3.053147e-001
3.398498e-001
-5.830256e-002
-4.100373e-001
-2.921187e-001
1.525816e-001
3.868770e-001
1.276287e-001
-3.135617e-001
-4.054998e-001
-3.835450e-002
3.442371e-001
2.802318e-001
-1.542959e-001
-4.364696e-001
-2.266369e-001
2.209958e-001
3.659487e-001
3.242883e-002
-3.782407e-001
-3.719977e-001
4.273884e-002
3.650490e-001
2.054310e-001
-2.445338e-001
-4.431216e-001
-1.515992e-001
2.778064e-001
3.267592e-001
-6.433487e-002
-4.242218e-001
-3.192995e-001
1.236939e-001
3.706117e-001
1.236939e-001
-3.192995e-001
-4.242218e-001
-6.433487e-002
3.267592e-001
2.778064e-001
-1.515992e-001
-4.431216e-001
-2.445338e-001
2.054310e-001
3.650490e-001
4.273884e-002
-3.719977e-001
-3.782407e-001
3.242883e-002
3.659487e-001
2.209958e-001
-2.266369e-001
-4.364696e-001
-1.542959e-001
2.802318e-001
3.442371e-001
-3.835450e-002
-4.054998e-001
-3.135617e-001
1.276287e-001
3.868770e-001
1.525816e-001
-2.921187e-001
-4.100373e-001
-5.830256e-002
3.398498e-001
3.053147e-001
-1.193713e-001
-4.211494e-001
-2.351441e-001
2.154063e-001
3.884667e-001
7.644265e-002
-3.430983e-001
-3.633015e-001
4.170075e-002
3.848528e-001
2.536190e-001
-1.921730e-001
-4.138450e-001
-1.426495e-001
2.959030e-001
3.745021e-001
-2.926403e-014
-3.745021e-001
-2.959030e-001
1.426495e-001
4.138450e-001
1.921730e-001
-2.536190e-001
-3.848528e-001
-4.170075e-002
3.633015e-001
3.430983e-001
-7.644265e-002
-3.884667e-001
-2.154063e-001
2.351441e-001
4.211494e-001
1.193713e-001
-3.053147e-001
-3.398498e-001
5.830256e-002
4.100373e-001
2.921187e-001
-1.525816e-001
-3.868770e-001
-1.276287e-001
3.135617e-001
4.054998e-001
3.835450e-002
-3.442371e-001
-2.802318e-001
1.542959e-001
4.364696e-001
2.266369e-001
-2.209958e-001
-3.659487e-001
-3.242883e-002
3.782407e-001
3.719977e-001
-4.273884e-002
-3.650490e-001
-2.054310e-001
2.445338e-001
4.431216e-001
1.515992e-001
-2.778064e-001
-3.267592e-001
6.433487e-002
4.242218e-001
3.192995e-001
-1.236939e-001
-3.706117e-001
-1.236939e-001
3.192995e-001
4.242218e-001
6.433487e-002
-3.267592e-001
-2.778064e-001
1.515992e-001
4.431216e-001
2.445338e-001
-2.054310e-001
-3.650490e-001
-4.273884e-002
3.719977e-001
3.782407e-001
-3.242883e-002
-3.659487e-001
-2.209958e-001
2.266369e-001
4.364696e-001
1.542959e-001
-2.802318e-001
-3.442371e-001
3.835450e-002
4.054998e-001
3.135617e-001
-1.276287e-001
-3.868770e-001
-1.525816e-001
2.921187e-001
4.100373e-001
5.830256e-002
-3.398498e-001
-3.053147e-001
1.193713e-001
4.211494e-001
2.351441e-001
-2.154063e-001
-3.884667e-001
-7.644265e-002
3.430983e-001
3.633015e-001
-4.170075e-002
-3.848528e-001
-2.536190e-001
1.921730e-001
4.138450e-001
1.426495e-001
-2.959030e-001
-3.745021e-001
2.926403e-014
3.745021e-001
2.959030e-001
-1.426495e-001
-4.138450e-001
-1.921730e-001
2.536190e-001
3.848528e-001
4.170075e-002
-3.633015e-001
-3.430983e-001
7.644265e-002
3.884667e-001
2.154063e-001
-2.351441e-001
-4.211494e-001
-1.193713e-001
3.053147e-001
3.398498e-001
-5.830256e-002
-4.100373e-001
-2.921187e-001
1.525816e-001
3.868770e-001
1.276287e-001
-3.135617e-001
-4.054998e-001
-3.835450e-002
3.442371e-001
2.802318e-001
-1.542959e-001
-4.364696e-001
-2.266369e-001
2.209958e-001
3.659487e-001
3.242883e-002
-3.782407e-001
-3.719977e-001
4.273884e-002
3.650490e-001
2.054310e-001
-2.445338e-001
-4.431216e-001
-1.515992e-001
2.778064e-001
3.267592e-001
-6.433487e-002
-4.242218e-001
-3.192995e-001
1.236939e-001
3.706117e-001
1.236939e-001
-3.192995e-001
-4.242218e-001
-6.433487e-002
3.267592e-001
2.778064e-001
-1.515992e-001
-4.431216e-001
-2.445338e-001
2.054310e-001
3.650490e-001
4.273884e-002
-3.719977e-001
-3.782407e-001
3.242883e-002
3.659487e-001
2.209958e-001
-2.266369e-001
-4.364696e-001
-1.542959e-001
2.802318e-001
3.442371e-001
-3.835450e-002
-4.054998e-001
-3.135617e-001
1.276287e-001
3.868770e-001
1.525816e-001
-2.921187e-001
-4.100373e-001
-5.830256e-002
3.398498e-001
3.053147e-001
-1.193713e-001
-4.211494e-001
-2.351441e-001
2.154063e-001
3.884667e-001
7.644265e-002
-3.430983e-001
-3.633015e-001
4.170075e-002
3.848528e-001
2.536190e-001
-1.921730e-001
-4.138450e-001
-1.426495e-001
2.959030e-001
3.745021e-001
-2.926403e-014
-3.745021e-001
-2.959030e-001
1.426495e-001
4.138450e-001
1.921730e-001
-2.536190e-001
-3.848528e-001
-4.170075e-002
3.633015e-001
3.430983e-001
-7.644265e-002
-3.884667e-001
-2.154063e-001
2.351441e-001
4.211494e-001
1.193713e-001
-3.053147e-001
-3.398498e-001
5.830256e-002
4.100373e-001
2.921187e-001
-1.525816e-001
-3.868770e-001
-1.276287e-001
3.135617e-001
4.054998e-001
3.835450e-002
-3.442371e-001
-2.802318e-001
1.542959e-001
4.364696e-001
2.266369e-001
-2.209958e-001
-3.659487e-001
-3.242883e-002
3.782407e-001
3.719977e-001
-4.273884e-002
-3.650490e-001
-2.054310e-001
2.445338e-001
4.431216e-001
1.515992e-001
-2.778064e-001
-3.267592e-001
6.433487e-002
4.242218e-001
3.192995e-001
-1.236939e-001
-3.706117e-001
-1.236939e-001
3.192995e-001
4.242218e-001
6.433487e-002
-3.267592e-001
-2.778064e-001
1.515992e-001
4.431216e-001
2.445338e-001
-2.054310e-001
-3.650490e-001
-4.273884e-002
3.719977e-001
3.782407e-001
-3.242883e-002
-3.659487e-001
-2.209958e-001
2.266369e-001
4.364696e-001
1.542959e-001
-2.802318e-001
-3.442371e-001
3.835450e-002
4.054998e-001
3.135617e-001
-1.276287e-001
-3.868770e-001
-1.525816e-001
2.921187e-001
4.100373e-001
5.830256e-002
-3.398498e-001
-3.053147e-001
1.193713e-001
4.211494e-001
2.351441e-001
-2.154063e-001
-3.884667e-001
-7.644265e-002
3.430983e-001
3.633015e-001
-4.170075e-002
-3.848528e-001
-2.536190e-001
1.921730e-001
4.138450e-001
1.426495e-001
-2.959030e-001
-3.745021e-001
2.926403e-014
3.745021e-001
2.959030e-001
-1.426495e-001
-4.138450e-001
-1.921730e-001
2.536190e-001
3.848528e-001
4.170075e-002
-3.633015e-001
-3.430983e-001
7.644265e-002
3.884667e-001
2.154063e-001
-2.351441e-001
-4.211494e-001
-1.193713e-001
3.053147e-001
3.398498e-001
-5.830256e-002
-4.100373e-001
-2.921187e-001
1.525816e-001
3.868770e-001
1.276287e-001
-3.135617e-001
-4.054998e-001
-3.835450e-002
3.442371e-001
2.802318e-001
-1.542959e-001
-4.364696e-001
-2.266369e-001
2.209958e-001
3.659487e-001
3.242883e-002
-3.782407e-001
-3.719977e-001
4.273884e-002
3.650490e-001
2.054310e-001
-2.445338e-001
-4.431216e-001
-1.515992e-001
2.778064e-001
3.267592e-001
-6.433487e-002
-4.242218e-001
-3.192995e-001
1.236939e-001
3.706117e-001
1.236939e-001
-3.192995e-001
-4.242218e-001
-6.433487e-002
3.267592e-001
2.778064e-001
-1.515992e-001
-4.431216e-001
-2.445338e-001
2.054310e-001
3.650490e-001
4.273884e-002
-3.719977e-001
-3.782407e-001
3.242883e-002
3.659487e-001
2.209958e-001
-2.266369e-001
-4.364696e-001
-1.542959e-001
2.802318e-001
3.442371e-001
-3.835450e-002
-4.054998e-001
-3.135617e-001
1.276287e-001
3.868770e-001
1.525816e-001
-2.921187e-001
-4.100373e-001
-5.830256e-002
3.398498e-001
3.053147e-001
-1.193713e-001
-4.211494e-001
-2.351441e-001
2.154063e-001
3.884667e-001
7.644265e-002
-3.430983e-001
-3.633015e-001
4.170075e-002
3.848528e-001
2.536190e-001
-1.921730e-001
-4.138450e-001
-1.426495e-001
2.959030e-001
3.745021e-001
-2.926403e-014
-3.745021e-001
-2.959030e-001
1.426495e-001
4.138450e-001
1.921730e-001
-2.536190e-001
-3.848528e-001
-4.170075e-002
3.633015e-001
3.430983e-001
-7.644265e-002
-3.884667e-001
-2.154063e-001
2.351441e-001
4.211494e-001
1.193713e-001
-3.053147e-001
-3.398498e-001
5.830256e-002
4.100373e-001
2.921187e-001
-1.525816e-001
-3.868770e-001
-1.276287e-001
3.135617e-001
4.054998e-001
3.835450e-002
-3.442371e-001
-2.802318e-001
1.542959e-001
4.364696e-001
2.266369e-001
-2.209958e-001
-3.659487e-001
-3.242883e-002
3.782407e-001
3.719977e-001
-4.273884e-002
-3.650490e-001
-2.054310e-001
2.445338e-001
4.431216e-001
1.515992e-001
-2.778064e-001
-3.267592e-001
6.433487e-002
4.242218e-001
3.192995e-001
-1.236939e-001
-3.706117e-001
-1.236939e-001
3.192995e-001
4.242218e-001
6.433487e-002
-3.267592e-001
-2.778064e-001
1.515992e-001
4.431216e-001
2.445338e-001
-2.054310e-001
-3.650490e-001
-4.273884e-002
3.719977e-001
3.782407e-001
-3.242883e-002
-3.659487e-001
-2.209958e-001
2.266369e-001
4.364696e-001
1.542959e-001
-2.802318e-001
-3.442371e-001
3.835450e-002
4.054998e-001
3.135617e-001
-1.276287e-001
-3.868770e-001
-1.525816e-001
2.921187e-001
4.100373e-001
5.830256e-002
-3.398498e-001
-3.053147e-001
1.193713e-001
4.211494e-001
2.351441e-001
-2.154063e-001
-3.884667e-001
-7.644265e-002
3.430983e-001
3.633015e-001
-4.170075e-002
-3.848528e-001
-2.536190e-001
1.921730e-001
4.138450e-001
1.426495e-001
-2.959030e-001
-3.745021e-001
2.926403e-014
3.745021e-001
2.959030e-001
-1.426495e-001
-4.138450e-001
-1.921730e-001
2.536190e-001
3.848528e-001
4.170075e-002
-3.633015e-001
-3.430983e-001
7.644265e-002
3.884667e-001
2.154063e-001
-2.351441e-001
-4.211494e-001
-1.193713e-001
3.053147e-001
3.398498e-001
-5.830256e-002
-4.100373e-001
-2.921187e-001
1.525816e-001
3.868770e-001
1.276287e-001
-3.135617e-001
-4.054998e-001
-3.835450e-002
3.442371e-001
2.802318e-001
-1.542959e-001
-4.364696e-001
-2.266369e-001
2.209958e-001
3.659487e-001
3.242883e-002
-3.782407e-001
-3.719977e-001
4.273884e-002
3.650490e-001
2.054310e-001
-2.445338e-001
-4.431216e-001
-1.515992e-001
2.778064e-001
3.267592e-001
-6.433487e-002
-4.242218e-001
-3.192995e-001
1.236939e-001
3.706117e-001
1.236939e-001
-3.192995e-001
-4.242218e-001
-6.433487e-002
3.267592e-001
2.778064e-001
-1.515992e-001
-4.431216e-001
-2.445338e-001
2.054310e-001
3.650490e-001
4.273884e-002
-3.719977e-001
-3.782407e-001
3.242883e-002
3.659487e-001
2.209958e-001
-2.266369e-001
-4.364696e-001
-1.542959e-001
2.802318e-001
3.442371e-001
-3.835450e-002
-4.054998e-001
-3.135617e-001
1.276287e-001
3.868770e-001
1.525816e-001
-2.921187e-001
-4.100373e-001
-5.830256e-002
3.398498e-001
3.053147e-001
-1.193713e-001
-4.211494e-001
-2.351441e-001
2.154063e-001
3.884667e-001
7.644265e-002
-3.430983e-001
-3.633015e-001
4.170075e-002
3.848528e-001
2.536190e-001
-1.921730e-001
-4.138450e-001
-1.426495e-001
2.959030e-001
3.745021e-001
-2.926403e-014
-3.745021e-001
-2.959030e-001
1.426495e-001
4.138450e-001
1.921730e-001
-2.536190e-001
-3.848528e-001
-4.170075e-002
3.633015e-001
3.430983e-001
-7.644265e-002
-3.884667e-001
-2.154063e-001
2.351441e-001
4.211494e-001
1.193713e-001
-3.053147e-001
-3.398498e-001
5.830256e-002
4.100373e-001
2.921187e-001
-1.525816e-001
-3.868770e-001
-1.276287e-001
3.135617e-001
4.054998e-001
3.835450e-002
-3.442371e-001
-2.802318e-001
1.542959e-001
4.364696e-001
2.266369e-001
-2.209958e-001
-3.659487e-001
-3.242883e-002
3.782407e-001
3.719977e-001
-4.273884e-002
-3.650490e-001
-2.054310e-001
2.445338e-001
4.431216e-001
1.515992e-001
-2.778064e-001
-3.267592e-001
6.433487e-002
4.242218e-001
3.192995e-001
-1.236939e-001
-3.706117e-001
-1.236939e-001
3.192995e-001
4.242218e-001
6.433487e-002
-3.267592e-001
-2.778064e-001
1.515992e-001
4.431216e-001
2.445338e-001
-2.054310e-001
-3.650490e-001
-4.273884e-002
3.719977e-001
3.782407e-001
-3.242883e-002
-3.659487e-001
-2.209958e-001
2.266369e-001
4.364696e-001
1.542959e-001
-2.802318e-001
-3.442371e-001
3.835450e-002
4.054998e-001
3.135617e-001
-1.276287e-001
-3.868770e-001
-1.525816e-001
2.921187e-001
4.100373e-001
5.830256e-002
-3.398498e-001
-3.053147e-001
1.193713e-001
4.211494e-001
2.351441e-001
-2.154063e-001
-3.884667e-001
-7.644265e-002
3.430983e-001
3.633015e-001
-4.170075e-002
-3.848528e-001
-2.536190e-001
1.921730e-001
4.138450e-001
1.426495e-001
-2.959030e-001
-3.745021e-001
2.926403e-014
3.745021e-001
2.959030e-001
-1.426495e-001
-4.138450e-001
-1.921730e-001
2.536190e-001
3.848528e-001
4.170075e-002
-3.633015e-001
-3.430983e-001
7.644265e-002
3.884667e-001
2.154063e-001
-2.351441e-001
-4.211494e-001
-1.193713e-001
3.053147e-001
3.398498e-001
-5.830256e-002
-4.100373e-001
-2.921187e-001
1.525816e-001
3.868770e-001
1.276287e-001
-3.135617e-001
-4.054998e-001
-3.835450e-002
3.442371e-001
2.802318e-001
-1.542959e-001
-4.364696e-001
-2.266369e-001
2.209958e-001
3.659487e-001
3.242883e-002
-3.782407e-001
-3.719977e-001
4.273884e-002
3.650490e-001
2.054310e-001
-2.445338e-001
-4.431216e-001
-1.515992e-001
2.778064e-001
3.267592e-001
-6.433487e-002
-4.242218e-001
-3.192995e-001
1.236939e-001
3.706117e-001
1.236939e-001
-3.192995e-001
-4.242218e-001
-6.433487e-002
3.267592e-001
2.778064e-001
-1.515992e-001
-4.431216e-001
-2.445338e-001
2.054310e-001
3.650490e-001
4.273884e-002
-3.719977e-001
-3.782407e-001
3.242883e-002
3.659487e-001
2.209958e-001
-2.266369e-001
-4.364696e-001
-1.542959e-001
2.802318e-001
3.442371e-001
-3.835450e-002
-4.054998e-001
-3.135617e-001
1.276287e-001
3.868770e-001
1.525816e-001
-2.921187e-001
-4.100373e-001
-5.830256e-002
3.398498e-001
3.053147e-001
-1.193713e-001
-4.211494e-001
-2.351441e-001
2.154063e-001
3.884667e-001
7.644265e-002
-3.430983e-001
-3.633015e-001
4.170075e-002
3.848528e-001
2.536190e-001
-1.921730e-001
-4.138450e-001
-1.426495e-001
2.959030e-001
3.745021e-001
-2.926403e-014
-3.745021e-001
-2.959030e-001
1.426495e-001
4.138450e-001
1.921730e-001
-2.536190e-001
-3.848528e-001
-4.170075e-002
3.633015e-001
3.430983e-001
-7.644265e-002
-3.884667e-001
-2.154063e-001
2.351441e-001
4.211494e-001
1.193713e-001
-3.053147e-001
-3.398498e-001
5.830256e-002
4.100373e-001
2.921187e-001
-1.525816e-001
-3.868770e-001
-1.276287e-001
3.135617e-001
4.054998e-001
3.835450e-002
-3.442371e-001
-2.802318e-001
1.542959e-001
4.364696e-001
2.266369e-001
-2.209958e-001
-3.659487e-001
-3.242883e-002
3.782407e-001
3.719977e-001
-4.273884e-002
-3.650490e-001
-2.054310e-001
2.445338e-001
4.431216e-001
1.515992e-001
-2.778064e-001
-3.267592e-001
6.433487e-002
4.242218e-001
3.192995e-001
-1.236939e-001
-3.706117e-001
-1.236939e-001
3.192995e-001
4.242218e-001
6.433487e-002
-3.267592e-001
-2.778064e-001
1.515992e-001
4.431216e-001
2.445338e-001
-2.054310e-001
-3.650490e-001
-4.273884e-002
3.719977e-001
3.782407e-001
-3.242883e-002
-3.659487e-001
-2.209958e-001
2.266369e-001
4.364696e-001
1.542959e-001
-2.802318e-001
-3.442371e-001
3.835450e-002
4.054998e-001
3.135617e-001
-1.276287e-001
-3.868770e-001
-1.525816e-001
2.921187e-001
4.100373e-001
5.830256e-002
-3.398498e-001
-3.053147e-001
1.193713e-001
4.211494e-001
2.351441e-001
-2.154063e-001
-3.884667e-001
-7.644265e-002
3.430983e-001
3.633015e-001
-4.170075e-002
-3.848528e-001
-2.536190e-001
1.921730e-001
4.138450e-001
1.426495e-001
-2.959030e-001
-3.745021e-001
2.926403e-014
3.745021e-001
2.959030e-001
-1.426495e-001
-4.138450e-001
-1.921730e-001
2.536190e-001
3.848528e-001
4.170075e-002
-3.633015e-001
-3.430983e-001
7.644265e-002
3.884667e-001
2.154063e-001
-2.351441e-001
-4.211494e-001
-1.193713e-001
3.053147e-001
3.398498e-001
-5.830256e-002
-4.100373e-001
-2.921187e-001
1.525816e-001
3.868770e-001
1.276287e-001
-3.135617e-001
-4.054998e-001
-3.835450e-002
3.442371e-001
2.802318e-001
-1.542959e-001
-4.364696e-001
-2.266369e-001
2.209958e-001
3.659487e-001
3.242883e-002
-3.782407e-001
-3.719977e-001
4.273884e-002
3.650490e-001
2.054310e-001
-2.445338e-001
-4.431216e-001
-1.515992e-001
2.778064e-001
3.267592e-001
-6.433487e-002
-4.242218e-001
-3.192995e-001
1.236939e-001
3.706117e-001
1.236939e-001
-3.192995e-001
-4.242218e-001
-6.433487e-002
3.267592e-001
2.778064e-001
-1.515992e-001
-4.431216e-001
-2.445338e-001
2.054310e-001
3.650490e-001
4.273884e-002
-3.719977e-001
-3.782407e-001
3.242883e-002
3.659487e-001
2.209958e-001
-2.266369e-001
-4.364696e-001
-1.542959e-001
2.802318e-001
3.442371e-001
-3.835450e-002
-4.054998e-001
-3.135617e-001
1.276287e-001
3.868770e-001
1.525816e-001
-2.921187e-001
-4.100373e-001
-5.830256e-002
3.398498e-001
3.053147e-001
-1.193713e-001
-4.211494e-001
-2.351441e-001
2.154063e-001
3.884667e-001
7.644265e-002
-3.430983e-001
-3.633015e-001
4.170075e-002
3.848528e-001
2.536190e-001
-1.921730e-001
-4.138450e-001
-1.426495e-001
2.959030e-001
3.745021e-001
-2.926403e-014
-3.745021e-001
-2.959030e-001
1.426495e-001
4.138450e-001
1.921730e-001
-2.536190e-001
-3.848528e-001
-4.170075e-002
3.633015e-001
3.430983e-001
-7.644265e-002
-3.884667e-001
-2.154063e-001
2.351441e-001
4.211494e-001
1.193713e-001
-3.053147e-001
-3.398498e-001
5.830256e-002
4.100373e-001
2.921187e-001
-1.525816e-001
-3.868770e-001
-1.276287e-001
3.135617e-001
4.054998e-001
3.835450e-002
-3.442371e-001
-2.802318e-001
1.542959e-001
4.364696e-001
2.266369e-001
-2.209958e-001
-3.659487e-001
-3.242883e-002
3.782407e-001
3.719977e-001
-4.273884e-002
-3.650490e-001
-2.054310e-001
2.445338e-001
4.431216e-001
1.515992e-001
-2.778064e-001
-3.267592e-001
6.433487e-002
4.242218e-001
3.192995e-001
-1.236939e-001
-3.706117e-001
-1.236939e-001
3.192995e-001
4.242218e-001
6.433487e-002
-3.267592e-001
-2.778064e-001
1.515992e-001
4.431216e-001
2.445338e-001
-2.054310e-001
-3.650490e-001
-4.273884e-002
3.719977e-001
3.782407e-001
-3.242883e-002
-3.659487e-001
-2.209958e-001
2.266369e-001
4.364696e-001
1.542959e-001
-2.802318e-001
-3.442371e-001
3.835450e-002
4.054998e-001
3.135617e-001
-1.276287e-001
-3.868770e-001
-1.525816e-001
2.921187e-001
4.100373e-001
5.830256e-002
-3.398498e-001
-3.053147e-001
1.193713e-001
4.211494e-001
2.351441e-001
-2.154063e-001
-3.884667e-001
-7.644265e-002
3.430983e-001
3.633015e-001
-4.170075e-002
-3.848528e-001
-2.536190e-001
1.921730e-001
4.138450e-001
1.426495e-001
-2.959030e-001
-3.745021e-001
2.926403e-014
3.745021e-001
2.959030e-001
-1.426495e-001
-4.138450e-001
-1.921730e-001
2.536190e-001
3.848528e-001
4.170075e-002
-3.633015e-001
-3.430983e-001
7.644265e-002
3.884667e-001
2.154063e-001
-2.351441e-001
-4.211494e-001
-1.193713e-001
3.053147e-001
3.398498e-001
-5.830256e-002
-4.100373e-001
-2.921187e-001
1.525816e-001
3.868770e-001
1.276287e-001
-3.135617e-001
-4.054998e-001
-3.835450e-002
3.442371e-001
2.802318e-001
-1.542959e-001
-4.364696e-001
-2.266369e-001
2.209958e-001
3.659487e-001
3.242883e-002
-3.782407e-001
-3.719977e-001
4.273884e-002
3.650490e-001
2.054310e-001
-2.445338e-001
-4.431216e-001
-1.515992e-001
2.778064e-001
3.267592e-001
-6.433487e-002
-4.242218e-001
-3.192995e-001
1.236939e-001
3.706117e-001
1.236939e-001
-3.192995e-001
-4.242218e-001
-6.433487e-002
3.267592e-001
2.778064e-001
-1.515992e-001
-4.431216e-001
-2.445338e-001
2.054310e-001
3.650490e-001
4.273884e-002
-3.719977e-001
-3.782407e-001
3.242883e-002
3.659487e-001
2.209958e-001
-2.266369e-001
-4.364696e-001
-1.542959e-001
2.802318e-001
3.442371e-001
-3.835450e-002
-4.054998e-001
-3.135617e-001
1.276287e-001
3.868770e-001
1.525816e-001
-2.921187e-001
-4.100373e-001
-5.830256e-002
3.398498e-001
3.053147e-001
-1.193713e-001
-4.211494e-001
-2.351441e-001
2.154063e-001
3.884667e-001
7.644265e-002
-3.430983e-001
-3.633015e-001
4.170075e-002
3.848528e-001
2.536190e-001
-1.921730e-001
-4.138450e-001
-1.426495e-001
2.959030e-001
3.745021e-001
-2.926403e-014
-3.745021e-001
-2.959030e-001
1.426495e-001
4.138450e-001
1.921730e-001
-2.536190e-001
-3.848528e-001
-4.170075e-002
3.633015e-001
3.430983e-001
-7.644265e-002
-3.884667e-001
-2.154063e-001
2.351441e-001
4.211494e-001
1.193713e-001
-3.053147e-001
-3.398498e-001
5.830256e-002
4.100373e-001
2.921187e-001
-1.525816e-001
-3.868770e-001
-1.276287e-001
3.135617e-001
4.054998e-001
3.835450e-002
-3.442371e-001
-2.802318e-001
1.542959e-001
4.364696e-001
2.266369e-001
-2.209958e-001
-3.659487e-001
-3.242883e-002
3.782407e-001
3.719977e-001
-4.273884e-002
-3.650490e-001
-2.054310e-001
2.445338e-001
4.431216e-001
1.515992e-001
-2.778064e-001
-3.267592e-001
6.433487e-002
4.242218e-001
3.192995e-001
-1.236939e-001
-3.706117e-001
-1.236939e-001
3.192995e-001
4.242218e-001
6.433487e-002
-3.267592e-001
-2.778064e-001
1.515992e-001
4.431216e-001
2.445338e-001
-2.054310e-001
-3.650490e-001
-4.273884e-002
3.719977e-001
3.782407e-001
-3.242883e-002
-3.659487e-001
-2.209958e-001
2.266369e-001
4.364696e-001
1.542959e-001
-2.802318e-001
-3.442371e-001
3.835450e-002
4.054998e-001
3.135617e-001
-1.276287e-001
-3.868770e-001
-1.525816e-001
2.921187e-001
4.100373e-001
5.830256e-002
-3.398498e-001
-3.053147e-001
1.193713e-001
4.211494e-001
2.351441e-001
-2.154063e-001
-3.884667e-001
-7.644265e-002
3.430983e-001
3.633015e-001
-4.170075e-002
-3.848528e-001
-2.536190e-001
1.921730e-001
4.138450e-001
1.426495e-001
-2.959030e-001
-3.745021e-001
2.926403e-014
3.745021e-001
2.959030e-001
-1.426495e-001
-4.138450e-001
-1.921730e-001
2.536190e-001
3.848528e-001
4.170075e-002
-3.633015e-001
-3.430983e-001
7.644265e-002
3.884667e-001
2.154063e-001
-2.351441e-001
-4.211494e-001
-1.193713e-001
3.053147e-001
3.398498e-001
-5.830256e-002
-4.100373e-001
-2.921187e-001
1.525816e-001
3.868770e-001
1.276287e-001
-3.135617e-001
-4.054998e-001
-3.835450e-002
3.442371e-001
2.802318e-001
-1.542959e-001
-4.364696e-001
-2.266369e-001
2.209958e-001
3.659487e-001
3.242883e-002
-3.782407e-001
-3.719977e-001
4.273884e-002
3.650490e-001
2.054310e-001
-2.445338e-001
-4.431216e-001
-1.515992e-001
2.778064e-001
3.267592e-001
-6.433487e-002
-4.242218e-001
-3.192995e-001
1.236939e-001
3.706117e-001
1.236939e-001
-3.192995e-001
-4.242218e-001
-6.433487e-002
3.267592e-001
2.778064e-001
-1.515992e-001
-4.431216e-001
-2.445338e-001
2.054310e-001
3.650490e-001
4.273884e-002
-3.719977e-001
-3.782407e-001
3.242883e-002
3.659487e-001
2.209958e-001
-2.266369e-001
-4.364696e-001
-1.542959e-001
2.802318e-001
3.442371e-001
-3.835450e-002
-4.054998e-001
-3.135617e-001
1.276287e-001
3.868770e-001
1.525816e-001
-2.921187e-001
-4.100373e-001
-5.830256e-002
3.398498e-001
3.053147e-001
-1.193713e-001
-4.211494e-001
-2.351441e-001
2.154063e-001
3.884667e-001
7.644265e-002
-3.430983e-001
-3.633015e-001
4.170075e-002
3.848528e-001
2.536190e-001
-1.921730e-001
-4.138450e-001
-1.426495e-001
2.959030e-001
3.745021e-001
-2.926403e-014
-3.745021e-001
-2.959030e-001
1.426495e-001
4.138450e-001
1.921730e-001
-2.536190e-001
-3.848528e-001
-4.170075e-002
3.633015e-001
3.430983e-001
-7.644265e-002
-3.884667e-001
-2.154063e-001
2.351441e-001
4.211494e-001
1.193713e-001
-3.053147e-001
-3.398498e-001
5.830256e-002
4.100373e-001
2.921187e-001
-1.525816e-001
-3.868770e-001
-1.276287e-001
3.135617e-001
4.054998e-001
3.835450e-002
-3.442371e-001
-2.802318e-001
1.542959e-001
4.364696e-001
2.266369e-001
-2.209958e-001
-3.659487e-001
-3.242883e-002
3.782407e-001
3.719977e-001
-4.273884e-002
-3.650490e-001
-2.054310e-001
2.445338e-001
4.431216e-001
1.515992e-001
-2.778064e-001
-3.267592e-001
6.433487e-002
4.242218e-001
3.192995e-001
-1.236939e-001
-3.706117e-001
-1.236939e-001
3.192995e-001
4.242218e-001
6.433487e-002
-3.267592e-001
-2.778064e-001
1.515992e-001
4.431216e-001
2.445338e-001
-2.054310e-001
-3.650490e-001
-4.273884e-002
3.719977e-001
3.782407e-001
-3.242883e-002
-3.659487e-001
-2.209958e-001
2.266369e-001
4.364696e-001
1.542959e-001
-2.802318e-001
-3.442371e-001
3.835450e-002
4.054998e-001
3.135617e-001
-1.276287e-001
-3.868770e-001
-1.525816e-001
2.921187e-001
4.100373e-001
5.830256e-002
-3.398498e-001
-3.053147e-001
1.193713e-001
4.211494e-001
2.351441e-001
-2.154063e-001
-3.884667e-001
-7.644265e-002
3.430983e-001
3.633015e-001
-4.170075e-002
-3.848528e-001
-2.536190e-001
1.921730e-001
4.138450e-001
1.426495e-001
-2.959030e-001
-3.745021e-001
2.926403e-014
3.745021e-001
2.959030e-001
-1.426495e-001
-4.138450e-001
-1.921730e-001
2.536190e-001
3.848528e-001
4.170075e-002
-3.633015e-001
-3.430983e-001
7.644265e-002
3.884667e-001
2.154063e-001
-2.351441e-001
-4.211494e-001
-1.193713e-001
3.053147e-001
3.398498e-001
-5.830256e-002
-4.100373e-001
-2.921187e-001
1.525816e-001
3.868770e-001
1.276287e-001
-3.135617e-001
-4.054998e-001
-3.835450e-002
3.442371e-001
2.802318e-001
-1.542959e-001
-4.364696e-001
-2.266369e-001
2.209958e-001
3.659487e-001
3.242883e-002
-3.782407e-001
-3.719977e-001
4.273884e-002
3.650490e-001
2.054310e-001
-2.445338e-001
-4.431216e-001
-1.515992e-001
2.778064e-001
3.267592e-001
-6.433487e-002
-4.242218e-001
-3.192995e-001
1.236939e-001
3.706117e-001
1.236939e-001
-3.192995e-001
-4.242218e-001
-6.433487e-002
3.267592e-001
2.778064e-001
-1.515992e-001
-4.431216e-001
-2.445338e-001
2.054310e-001
3.650490e-001
4.273884e-002
-3.719977e-001
-3.782407e-001
3.242883e-002
3.659487e-001
2.209958e-001
-2.266369e-001
-4.364696e-001
-1.542959e-001
2.802318e-001
3.442371e-001
-3.835450e-002
-4.054998e-001
-3.135617e-001
1.276287e-001
3.868770e-001
1.525816e-001
-2.921187e-001
-4.100373e-001
-5.830256e-002
3.398498e-001
3.053147e-001
-1.193713e-001
-4.211494e-001
-2.351441e-001
2.154063e-001
3.884667e-001
7.644265e-002
-3.430983e-001
-3.633015e-001
4.170075e-002
3.848528e-001
2.536190e-001
-1.921730e-001
-4.138450e-001
-1.426495e-001
2.959030e-001
3.745021e-001
-2.926403e-014
-3.745021e-001
-2.959030e-001
1.426495e-001
4.138450e-001
1.921730e-001
-2.536190e-001
-3.848528e-001
-4.170075e-002
3.633015e-001
3.430983e-001
-7.644265e-002
-3.884667e-001
-2.154063e-001
2.351441e-001
4.211494e-001
1.193713e-001
-3.053147e-001
-3.398498e-001
5.830256e-002
4.100373e-001
2.921187e-001
-1.525816e-001
-3.868770e-001
-1.276287e-001
3.135617e-001
4.054998e-001
3.835450e-002
-3.442371e-001
-2.802318e-001
1.542959e-001
4.364696e-001
2.266369e-001
-2.209958e-001
-3.659487e-001
-3.242883e-002
3.782407e-001
3.719977e-001
-4.273884e-002
-3.650490e-001
-2.054310e-001
2.445338e-001
4.431216e-001
1.515992e-001
-2.778064e-001
-3.267592e-001
6.433487e-002
4.242218e-001
3.192995e-001
-1.236939e-001
-3.706117e-001
-1.236939e-001
3.192995e-001
4.242218e-001
6.433487e-002
-3.267592e-001
-2.778064e-001
1.515992e-001
4.431216e-001
2.445338e-001
-2.054310e-001
-3.650490e-001
-4.273884e-002
3.719977e-001
3.782407e-001
-3.242883e-002
-3.659487e-001
-2.209958e-001
2.266369e-001
4.364696e-001
1.542959e-001
-2.802318e-001
-3.442371e-001
3.835450e-002
4.054998e-001
3.135617e-001
-1.276287e-001
-3.868770e-001
-1.525816e-001
2.921187e-001
4.100373e-001
5.830256e-002
-3.398498e-001
-3.053147e-001
1.193713e-001
4.211494e-001
2.351441e-001
-2.154063e-001
-3.884667e-001
-7.644265e-002
3.430983e-001
3.633015e-001
-4.170075e-002
-3.848528e-001
-2.536190e-001
1.921730e-001
4.138450e-001
1.426495e-001
-2.959030e-001
-3.745021e-001
2.926403e-014
3.745021e-001
2.959030e-001
-1.426495e-001
-4.138450e-001
-1.921730e-001
2.536190e-001
3.848528e-001
4.170075e-002
-3.633015e-001
-3.430983e-001
7.644265e-002
3.884667e-001
2.154063e-001
-2.351441e-001
-4.211494e-001
-1.193713e-001
3.053147e-001
3.398498e-001
-5.830256e-002
-4.100373e-001
-2.921187e-001
1.525816e-001
3.868770e-001
1.276287e-001
-3.135617e-001
-4.054998e-001
-3.835450e-002
3.442371e-001
2.802318e-001
-1.542959e-001
-4.364696e-001
-2.266369e-001
2.209958e-001
3.659487e-001
3.242883e-002
-3.782407e-001
-3.719977e-001
4.273884e-002
3.650490e-001
2.054310e-001
-2.445338e-001
-4.431216e-001
-1.515992e-001
2.778064e-001
3.267592e-001
-6.433487e-002
-4.242218e-001
-3.192995e-001
1.236939e-001
3.706117e-001
1.236939e-001
-3.192995e-001
-4.242218e-001
-6.433487e-002
3.267592e-001
2.778064e-001
-1.515992e-001
-4.431216e-001
-2.445338e-001
2.054310e-001
3.650490e-001
4.273884e-002
-3.719977e-001
-3.782407e-001
3.242883e-002
3.659487e-001
2.209958e-001
-2.266369e-001
-4.364696e-001
-1.542959e-001
2.802318e-001
3.442371e-001
-3.835450e-002
-4.054998e-001
-3.135617e-001
1.276287e-001
3.868770e-001
1.525816e-001
-2.921187e-001
-4.100373e-001
-5.830256e-002
3.398498e-001
3.053147e-001
-1.193713e-001
-4.211494e-001
-2.351441e-001
2.154063e-001
3.884667e-001
7.644265e-002
-3.430983e-001
-3.633015e-001
4.170075e-002
3.848528e-001
2.536190e-001
-1.921730e-001
-4.138450e-001
-1.426495e-001
2.959030e-001
3.745021e-001
-2.926403e-014
-3.745021e-001
-2.959030e-001
1.426495e-001
4.138450e-001
1.921730e-001
-2.536190e-001
-3.848528e-001
-4.170075e-002
3.633015e-001
3.430983e-001
-7.644265e-002
-3.884667e-001
-2.154063e-001
2.351441e-001
4.211494e-001
1.193713e-001
-3.053147e-001
-3.398498e-001
5.830256e-002
4.100373e-001
2.921187e-001
-1.525816e-001
-3.868770e-001
-1.276287e-001
3.135617e-001
4.054998e-001
3.835450e-002
-3.442371e-001
-2.802318e-001
1.542959e-001
4.364696e-001
2.266369e-001
-2.209958e-001
-3.659487e-001
-3.242883e-002
3.782407e-001
3.719977e-001
-4.273884e-002
-3.650490e-001
-2.054310e-001
2.445338e-001
4.431216e-001
1.515992e-001
-2.778064e-001
-3.267592e-001
6.433487e-002
4.242218e-001
3.192995e-001
-1.236939e-001
-3.706117e-001
-1.236939e-001
3.192995e-001
4.242218e-001
6.433487e-002
-3.267592e-001
-2.778064e-001
1.515992e-001
4.431216e-001
2.445338e-001
-2.054310e-001
-3.650490e-001
-4.273884e-002
3.719977e-001
3.782407e-001
-3.242883e-002
-3.659487e-001
-2.209958e-001
2.266369e-001
4.364696e-001
1.542959e-001
-2.802318e-001
-3.442371e-001
3.835450e-002
4.054998e-001
3.135617e-001
-1.276287e-001
-3.868770e-001
-1.525816e-001
2.921187e-001
4.100373e-001
5.830256e-002
-3.398498e-001
-3.053147e-001
1.193713e-001
4.211494e-001
2.351441e-001
-2.154063e-001
-3.884667e-001
-7.644265e-002
3.430983e-001
3.633015e-001
-4.170075e-002
-3.848528e-001
-2.536190e-001
1.921730e-001
4.138450e-001
1.426495e-001
-2.959030e-001
-3.745021e-001
2.926403e-014
3.745021e-001
2.959030e-001
-1.426495e-001
-4.138450e-001
-1.921730e-001
2.536190e-001
3.848528e-001
4.170075e-002
-3.633015e-001
-3.430983e-001
7.644265e-002
3.884667e-001
2.154063e-001
-2.351441e-001
-4.211494e-001
-1.193713e-001
3.053147e-001
3.398498e-001
-5.830256e-002
-4.100373e-001
-2.921187e-001
1.525816e-001
3.868770e-001
1.276287e-001
-3.135617e-001
-4.054998e-001
-3.835450e-002
3.442371e-001
2.802318e-001
-1.542959e-001
-4.364696e-001
-2.266369e-001
2.209958e-001
3.659487e-001
3.242883e-002
-3.782407e-001
-3.719977e-001
4.273884e-002
3.650490e-001
2.054310e-001
-2.445338e-001
-4.431216e-001
-1.515992e-001
2.778064e-001
3.267592e-001
-6.433487e-002
-4.242218e-001
-3.192995e-001
1.236939e-001
3.706117e-001
1.236939e-001
-3.192995e-001
-4.242218e-001
-6.433487e-002
3.267592e-001
2.778064e-001
-1.515992e-001
-4.431216e-001
-2.445338e-001
2.054310e-001
3.650490e-001
4.273884e-002
-3.719977e-001
-3.782407e-001
3.242883e-002
3.659487e-001
2.209958e-001
-2.266369e-001
-4.364696e-001
-1.542959e-001
2.802318e-001
3.442371e-001
-3.835450e-002
-4.054998e-001
-3.135617e-001
1.276287e-001
3.868770e-001
1.525816e-001
-2.921187e-001
-4.100373e-001
-5.830256e-002
3.398498e-001
3.053147e-001
-1.193713e-001
-4.211494e-001
-2.351441e-001
2.154063e-001
3.884667e-001
7.644265e-002
-3.430983e-001
-3.633015e-001
4.170075e-002
3.848528e-001
2.536190e-001
-1.921730e-001
-4.138450e-001
-1.426495e-001
2.959030e-001
3.745021e-001
-2.926403e-014
-3.745021e-001
-2.959030e-001
1.426495e-001
4.138450e-001
1.921730e-001
-2.536190e-001
-3.848528e-001
-4.170075e-002
3.633015e-001
3.430983e-001
-7.644265e-002
-3.884667e-001
-2.154063e-001
2.351441e-001
4.211494e-001
1.193713e-001
-3.053147e-001
-3.398498e-001
5.830256e-002
4.100373e-001
2.921187e-001
-1.525816e-001
-3.868770e-001
-1.276287e-001
3.135617e-001
4.054998e-001
3.835450e-002
-3.442371e-001
-2.802318e-001
1.542959e-001
4.364696e-001
2.266369e-001
-2.209958e-001
-3.659487e-001
-3.242883e-002
3.782407e-001
3.719977e-001
-4.273884e-002
-3.650490e-001
-2.054310e-001
2.445338e-001
4.431216e-001
1.515992e-001
-2.778064e-001
-3.267592e-001
6.433487e-002
4.242218e-001
3.192995e-001
-1.236939e-001
-3.706117e-001
-1.236939e-001
3.192995e-001
4.242218e-001
6.433487e-002
-3.267592e-001
-2.778064e-001
1.515992e-001
4.431216e-001
2.445338e-001
-2.054310e-001
-3.650490e-001
-4.273884e-002
3.719977e-001
3.782407e-001
-3.242883e-002
-3.659487e-001
-2.209958e-001
2.266369e-001
4.364696e-001
1.542959e-001
-2.802318e-001
-3.442371e-001
3.835450e-002
4.054998e-001
3.135617e-001
-1.276287e-001
-3.868770e-001
-1.525816e-001
2.921187e-001
4.100373e-001
5.830256e-002
-3.398498e-001
-3.053147e-001
1.193713e-001
4.211494e-001
2.351441e-001
-2.154063e-001
-3.884667e-001
-7.644265e-002
3.430983e-001
3.633015e-001
-4.170075e-002
-3.848528e-001
-2.536190e-001
1.921730e-001
4.138450e-001
1.426495e-001
-2.959030e-001
-3.745021e-001
2.926403e-014
3.745021e-001
2.959030e-001
-1.426495e-001
-4.138450e-001
-1.921730e-001
2.536190e-001
3.848528e-001
4.170075e-002
-3.633015e-001
-3.430983e-001
7.644265e-002
3.884667e-001
2.154063e-001
-2.351441e-001
-4.211494e-001
-1.193713e-001
3.053147e-001
3.398498e-001
-5.830256e-002
-4.100373e-001
-2.921187e-001
1.525816e-001
3.868770e-001
1.276287e-001
-3.135617e-001
-4.054998e-001
-3.835450e-002
3.442371e-001
2.802318e-001
-1.542959e-001
-4.364696e-001
-2.266369e-001
2.209958e-001
3.659487e-001
3.242883e-002
-3.782407e-001
-3.719977e-001
4.273884e-002
3.650490e-001
2.054310e-001
-2.445338e-001
-4.431216e-001
-1.515992e-001
2.778064e-001
3.267592e-001
-6.433487e-002
-4.242218e-001
-3.192995e-001
1.236939e-001
3.706117e-001
1.236939e-001
-3.192995e-001
-4.242218e-001
-6.433487e-002
3.267592e-001
2.778064e-001
-1.515992e-001
-4.431216e-001
-2.445338e-001
2.054310e-001
3.650490e-001
4.273884e-002
-3.719977e-001
-3.782407e-001
3.242883e-002
3.659487e-001
2.209958e-001
-2.266369e-001
-4.364696e-001
-1.542959e-001
2.802318e-001
3.442371e-001
-3.835450e-002
-4.054998e-001
-3.135617e-001
1.276287e-001
3.868770e-001
1.525816e-001
-2.921187e-001
-4.100373e-001
-5.830256e-002
3.398498e-001
3.053147e-001
-1.193713e-001
-4.211494e-001
-2.351441e-001
2.154063e-001
3.884667e-001
7.644265e-002
-3.430983e-001
-3.633015e-001
4.170075e-002
3.848528e-001
2.536190e-001
-1.921730e-001
-4.138450e-001
-1.426495e-001
2.959030e-001
3.745021e-001
-2.926403e-014
-3.745021e-001
-2.959030e-001
1.426495e-001
4.138450e-001
1.921730e-001
-2.536190e-001
-3.848528e-001
-4.170075e-002
3.633015e-001
3.430983e-001
-7.644265e-002
-3.884667e-001
-2.154063e-001
2.351441e-001
4.211494e-001
1.193713e-001
-3.053147e-001
-3.398498e-001
5.830256e-002
4.100373e-001
2.921187e-001
-1.525816e-001
-3.868770e-001
-1.276287e-001
3.135617e-001
4.054998e-001
3.835450e-002
-3.442371e-001
-2.802318e-001
1.542959e-001
4.364696e-001
2.266369e-001
-2.209958e-001
-3.659487e-001
-3.242883e-002
3.782407e-001
3.719977e-001
-4.273884e-002
-3.650490e-001
-2.054310e-001
2.445338e-001
4.431216e-001
1.515992e-001
-2.778064e-001
-3.267592e-001
6.433487e-002
4.242218e-001
3.192995e-001
-1.236939e-001
-3.706117e-001
-1.236939e-001
3.192995e-001
4.242218e-001
6.433487e-002
-3.267592e-001
-2.778064e-001
1.515992e-001
4.431216e-001
2.445338e-001
-2.054310e-001
-3.650490e-001
-4.273884e-002
3.719977e-001
3.782407e-001
-3.242883e-002
-3.659487e-001
-2.209958e-001
2.266369e-001
4.364696e-001
1.542959e-001
-2.802318e-001
-3.442371e-001
3.835450e-002
4.054998e-001
3.135617e-001
-1.276287e-001
-3.868770e-001
-1.525816e-001
2.921187e-001
4.100373e-001
5.830256e-002
-3.398498e-001
-3.053147e-001
1.193713e-001
4.211494e-001
2.351441e-001
-2.154063e-001
-3.884667e-001
-7.644265e-002
3.430983e-001
3.633015e-001
-4.170075e-002
-3.848528e-001
-2.536190e-001
1.921730e-001
4.138450e-001
1.426495e-001
-2.959030e-001
-3.745021e-001
2.926403e-014
3.745021e-001
2.959030e-001
-1.426495e-001
-4.138450e-001
-1.921730e-001
2.536190e-001
3.848528e-001
4.170075e-002
-3.633015e-001
-3.430983e-001
7.644265e-002
3.884667e-001
2.154063e-001
-2.351441e-001
-4.211494e-001
-1.193713e-001
