-3.592279e-002
-1.016060e-001
-1.900559e-001
-2.932133e-001
-4.024935e-001
-5.081186e-001
-5.996777e-001
-6.656891e-001
-6.936346e-001
-6.704184e-001
-5.818890e-001
-4.140161e-001
-1.519315e-001
2.185273e-001
7.112474e-001
1.338953e+000
2.112682e+000
3.041203e+000
4.130383e+000
5.382525e+000
6.795501e+000
8.362301e+000
1.007002e+001
1.189992e+001
1.382628e+001
1.581636e+001
1.782990e+001
1.981936e+001
2.173018e+001
2.350042e+001
2.506210e+001
2.634168e+001
2.726110e+001
2.773913e+001
2.769335e+001
2.704135e+001
2.570296e+001
2.360271e+001
2.067216e+001
1.685206e+001
1.209528e+001
6.369681e+000
-3.399542e-001
-8.028799e+000
-1.667003e+001
-2.621212e+001
-3.657776e+001
-4.766150e+001
-5.932912e+001
-7.141646e+001
-8.373013e+001
-9.604666e+001
-1.081143e+002
-1.196540e+002
-1.303626e+002
-1.399141e+002
-1.479645e+002
-1.541550e+002
-1.581173e+002
-1.594777e+002
-1.578639e+002
-1.529107e+002
-1.442657e+002
-1.315965e+002
-1.145976e+002
-9.299661e+001
-6.656091e+001
-3.510472e+001
1.505265e+000
4.334415e+001
9.042373e+001
1.426877e+002
2.000088e+002
2.621850e+002
3.289383e+002
3.999139e+002
4.746803e+002
5.527310e+002
6.334864e+002
7.162987e+002
8.004555e+002
8.851870e+002
9.696723e+002
1.053048e+003
1.134417e+003
1.212859e+003
1.287440e+003
1.357224e+003
1.421284e+003
1.478715e+003
1.528647e+003
1.570252e+003
1.602761e+003
1.625474e+003
1.637767e+003
1.639108e+003
1.629062e+003
1.607299e+003
1.573604e+003
1.527879e+003
1.470151e+003
1.400571e+003
1.319420e+003
1.227103e+003
1.124153e+003
1.011225e+003
8.890893e+002
7.586299e+002
6.208326e+002
4.767781e+002
3.276310e+002
1.746288e+002
1.906889e+001
-1.377036e+002
-2.943106e+002
-4.493549e+002
-6.014349e+002
-7.491595e+002
-8.911626e+002
-1.026118e+003
-1.152753e+003
-1.269863e+003
-1.376323e+003
-1.471102e+003
-1.553270e+003
-1.622012e+003
-1.676635e+003
-1.716577e+003
-1.741409e+003
-1.750845e+003
-1.744741e+003
-1.723099e+003
-1.686067e+003
-1.633935e+003
-1.567137e+003
-1.486243e+003
-1.391956e+003
-1.285104e+003
-1.166630e+003
-1.037587e+003
-8.991275e+002
-7.524880e+002
-5.989823e+002
-4.399871e+002
-2.769293e+002
-1.112729e+002
5.549471e+001
2.218763e+002
3.863782e+002
5.475242e+002
7.038691e+002
8.540108e+002
9.966039e+002
1.130371e+003
1.254113e+003
1.366724e+003
1.467194e+003
1.554625e+003
1.628232e+003
1.687357e+003
1.731468e+003
1.760210e+003
1.773327e+003
1.770705e+003
1.752365e+003
1.718470e+003
1.669322e+003
1.605356e+003
1.527141e+003
1.435371e+003
1.330860e+003
1.214536e+003
1.087431e+003
9.506744e+002
8.054792e+002
6.531343e+002
4.949921e+002
3.324560e+002
1.669690e+002
-3.224233e-014
-1.669690e+002
-3.324560e+002
-4.949921e+002
-6.531343e+002
-8.054792e+002
-9.506744e+002
-1.087431e+003
-1.214536e+003
-1.330860e+003
-1.435371e+003
-1.527141e+003
-1.605356e+003
-1.669322e+003
-1.718470e+003
-1.752365e+003
-1.770705e+003
-1.773327e+003
-1.760210e+003
-1.731468e+003
-1.687357e+003
-1.628268e+003
-1.554726e+003
-1.467384e+003
-1.367017e+003
-1.254516e+003
-1.130879e+003
-9.972036e+002
-8.546765e+002
-7.045627e+002
-5.481946e+002
-3.869601e+002
-2.222903e+002
-5.564664e+001
1.114915e+002
2.776406e+002
4.413261e+002
6.010950e+002
7.555292e+002
9.032578e+002
1.042970e+003
1.173425e+003
1.293466e+003
1.402026e+003
1.498143e+003
1.580963e+003
1.649751e+003
1.703897e+003
1.742919e+003
1.766472e+003
1.774346e+003
1.766472e+003
1.742919e+003
1.703897e+003
1.649751e+003
1.580963e+003
1.498143e+003
1.402026e+003
1.293466e+003
1.173425e+003
1.042970e+003
9.032578e+002
7.555292e+002
6.010950e+002
4.413261e+002
2.776406e+002
1.114915e+002
-5.564664e+001
-2.222903e+002
-3.869601e+002
-5.481946e+002
-7.045627e+002
-8.546765e+002
-9.972036e+002
-1.130879e+003
-1.254516e+003
-1.367017e+003
-1.467384e+003
-1.554726e+003
-1.628268e+003
-1.687357e+003
-1.731468e+003
-1.760210e+003
-1.773327e+003
-1.770705e+003
-1.752365e+003
-1.718470e+003
-1.669322e+003
-1.605356e+003
-1.527141e+003
-1.435371e+003
-1.330860e+003
-1.214536e+003
-1.087431e+003
-9.506744e+002
-8.054792e+002
-6.531343e+002
-4.949921e+002
-3.324560e+002
-1.669690e+002
3.224233e-014
1.669690e+002
3.324560e+002
4.949921e+002
6.531343e+002
8.054792e+002
9.506744e+002
1.087431e+003
1.214536e+003
1.330860e+003
1.435371e+003
1.527141e+003
1.605356e+003
1.669322e+003
1.718470e+003
1.752365e+003
1.770705e+003
1.773327e+003
1.760210e+003
1.731468e+003
1.687357e+003
1.628268e+003
1.554726e+003
1.467384e+003
1.367017e+003
1.254516e+003
1.130879e+003
9.972036e+002
8.546765e+002
7.045627e+002
5.481946e+002
3.869601e+002
2.222903e+002
5.564664e+001
-1.114915e+002
-2.776406e+002
-4.413261e+002
-6.010950e+002
-7.555292e+002
-9.032578e+002
-1.042970e+003
-1.173425e+003
-1.293466e+003
-1.402026e+003
-1.498143e+003
-1.580963e+003
-1.649751e+003
-1.703897e+003
-1.742919e+003
-1.766472e+003
-1.774346e+003
-1.766472e+003
-1.742919e+003
-1.703897e+003
-1.649751e+003
-1.580963e+003
-1.498143e+003
-1.402026e+003
-1.293466e+003
-1.173425e+003
-1.042970e+003
-9.032578e+002
-7.555292e+002
-6.010950e+002
-4.413261e+002
-2.776406e+002
-1.114915e+002
5.564664e+001
2.222903e+002
3.869601e+002
5.481946e+002
7.045627e+002
8.546765e+002
9.972036e+002
1.130879e+003
1.254516e+003
1.367017e+003
1.467384e+003
1.554726e+003
1.628268e+003
1.687357e+003
1.731468e+003
1.760210e+003
1.773327e+003
1.770705e+003
1.752365e+003
1.718470e+003
1.669322e+003
1.605356e+003
1.527141e+003
1.435371e+003
1.330860e+003
1.214536e+003
1.087431e+003
9.506744e+002
8.054792e+002
6.531343e+002
4.949921e+002
3.324560e+002
1.669690e+002
-3.224233e-014
-1.669690e+002
-3.324560e+002
-4.949921e+002
-6.531343e+002
-8.054792e+002
-9.506744e+002
-1.087431e+003
-1.214536e+003
-1.330860e+003
-1.435371e+003
-1.527141e+003
-1.605356e+003
-1.669322e+003
-1.718470e+003
-1.752365e+003
-1.770705e+003
-1.773327e+003
-1.760210e+003
-1.731468e+003
-1.687357e+003
-1.628268e+003
-1.554726e+003
-1.467384e+003
-1.367017e+003
-1.254516e+003
-1.130879e+003
-9.972036e+002
-8.546765e+002
-7.045627e+002
-5.481946e+002
-3.869601e+002
-2.222903e+002
-5.564664e+001
1.114915e+002
2.776406e+002
4.413261e+002
6.010950e+002
7.555292e+002
9.032578e+002
1.042970e+003
1.173425e+003
1.293466e+003
1.402026e+003
1.498143e+003
1.580963e+003
1.649751e+003
1.703897e+003
1.742919e+003
1.766472e+003
1.774346e+003
1.766472e+003
1.742919e+003
1.703897e+003
1.649751e+003
1.580963e+003
1.498143e+003
1.402026e+003
1.293466e+003
1.173425e+003
1.042970e+003
9.032578e+002
7.555292e+002
6.010950e+002
4.413261e+002
2.776406e+002
1.114915e+002
-5.564664e+001
-2.222903e+002
-3.869601e+002
-5.481946e+002
-7.045627e+002
-8.546765e+002
-9.972036e+002
-1.130879e+003
-1.254516e+003
-1.367017e+003
-1.467384e+003
-1.554726e+003
-1.628268e+003
-1.687357e+003
-1.731468e+003
-1.760210e+003
-1.773327e+003
-1.770705e+003
-1.752365e+003
-1.718470e+003
-1.669322e+003
-1.605356e+003
-1.527141e+003
-1.435371e+003
-1.330860e+003
-1.214536e+003
-1.087431e+003
-9.506744e+002
-8.054792e+002
-6.531343e+002
-4.949921e+002
-3.324560e+002
-1.669690e+002
3.224233e-014
1.669690e+002
3.324560e+002
4.949921e+002
6.531343e+002
8.054792e+002
9.506744e+002
1.087431e+003
1.214536e+003
1.330860e+003
1.435371e+003
1.527141e+003
1.605356e+003
1.669322e+003
1.718470e+003
1.752365e+003
1.770705e+003
1.773327e+003
1.760210e+003
1.731468e+003
1.687357e+003
1.628268e+003
1.554726e+003
1.467384e+003
1.367017e+003
1.254516e+003
1.130879e+003
9.972036e+002
8.546765e+002
7.045627e+002
5.481946e+002
3.869601e+002
2.222903e+002
5.564664e+001
-1.114915e+002
-2.776406e+002
-4.413261e+002
-6.010950e+002
-7.555292e+002
-9.032578e+002
-1.042970e+003
-1.173425e+003
-1.293466e+003
-1.402026e+003
-1.498143e+003
-1.580963e+003
-1.649751e+003
-1.703897e+003
-1.742919e+003
-1.766472e+003
-1.774346e+003
-1.766472e+003
-1.742919e+003
-1.703897e+003
-1.649751e+003
-1.580963e+003
-1.498143e+003
-1.402026e+003
-1.293466e+003
-1.173425e+003
-1.042970e+003
-9.032578e+002
-7.555292e+002
-6.010950e+002
-4.413261e+002
-2.776406e+002
-1.114915e+002
5.564664e+001
2.222903e+002
3.869601e+002
5.481946e+002
7.045627e+002
8.546765e+002
9.972036e+002
1.130879e+003
1.254516e+003
1.367017e+003
1.467384e+003
1.554726e+003
1.628268e+003
1.687357e+003
1.731468e+003
1.760210e+003
1.773327e+003
1.770705e+003
1.752365e+003
1.718470e+003
1.669322e+003
1.605356e+003
1.527141e+003
1.435371e+003
1.330860e+003
1.214536e+003
1.087431e+003
9.506744e+002
8.054792e+002
6.531343e+002
4.949921e+002
3.324560e+002
1.669690e+002
-3.224233e-014
-1.669690e+002
-3.324560e+002
-4.949921e+002
-6.531343e+002
-8.054792e+002
-9.506744e+002
-1.087431e+003
-1.214536e+003
-1.330860e+003
-1.435371e+003
-1.527141e+003
-1.605356e+003
-1.669322e+003
-1.718470e+003
-1.752365e+003
-1.770705e+003
-1.773327e+003
-1.760210e+003
-1.731468e+003
-1.687357e+003
-1.628268e+003
-1.554726e+003
-1.467384e+003
-1.367017e+003
-1.254516e+003
-1.130879e+003
-9.972036e+002
-8.546765e+002
-7.045627e+002
-5.481946e+002
-3.869601e+002
-2.222903e+002
-5.564664e+001
1.114915e+002
2.776406e+002
4.413261e+002
6.010950e+002
7.555292e+002
9.032578e+002
1.042970e+003
1.173425e+003
1.293466e+003
1.402026e+003
1.498143e+003
1.580963e+003
1.649751e+003
1.703897e+003
1.742919e+003
1.766472e+003
1.774346e+003
1.766472e+003
1.742919e+003
1.703897e+003
1.649751e+003
1.580963e+003
1.498143e+003
1.402026e+003
1.293466e+003
1.173425e+003
1.042970e+003
9.032578e+002
7.555292e+002
6.010950e+002
4.413261e+002
2.776406e+002
1.114915e+002
-5.564664e+001
-2.222903e+002
-3.869601e+002
-5.481946e+002
-7.045627e+002
-8.546765e+002
-9.972036e+002
-1.130879e+003
-1.254516e+003
-1.367017e+003
-1.467384e+003
-1.554726e+003
-1.628268e+003
-1.687357e+003
-1.731468e+003
-1.760210e+003
-1.773327e+003
-1.770705e+003
-1.752365e+003
-1.718470e+003
-1.669322e+003
-1.605356e+003
-1.527141e+003
-1.435371e+003
-1.330860e+003
-1.214536e+003
-1.087431e+003
-9.506744e+002
-8.054792e+002
-6.531343e+002
-4.949921e+002
-3.324560e+002
-1.669690e+002
3.224233e-014
1.669690e+002
3.324560e+002
4.949921e+002
6.531343e+002
8.054792e+002
9.506744e+002
1.087431e+003
1.214536e+003
1.330860e+003
1.435371e+003
1.527141e+003
1.605356e+003
1.669322e+003
1.718470e+003
1.752365e+003
1.770705e+003
1.773327e+003
1.760210e+003
1.731468e+003
1.687357e+003
1.628268e+003
1.554726e+003
1.467384e+003
1.367017e+003
1.254516e+003
1.130879e+003
9.972036e+002
8.546765e+002
7.045627e+002
5.481946e+002
3.869601e+002
2.222903e+002
5.564664e+001
-1.114915e+002
-2.776406e+002
-4.413261e+002
-6.010950e+002
-7.555292e+002
-9.032578e+002
-1.042970e+003
-1.173425e+003
-1.293466e+003
-1.402026e+003
-1.498143e+003
-1.580963e+003
-1.649751e+003
-1.703897e+003
-1.742919e+003
-1.766472e+003
-1.774346e+003
-1.766472e+003
-1.742919e+003
-1.703897e+003
-1.649751e+003
-1.580963e+003
-1.498143e+003
-1.402026e+003
-1.293466e+003
-1.173425e+003
-1.042970e+003
-9.032578e+002
-7.555292e+002
-6.010950e+002
-4.413261e+002
-2.776406e+002
-1.114915e+002
5.564664e+001
2.222903e+002
3.869601e+002
5.481946e+002
7.045627e+002
8.546765e+002
9.972036e+002
1.130879e+003
1.254516e+003
1.367017e+003
1.467384e+003
1.554726e+003
1.628268e+003
1.687357e+003
1.731468e+003
1.760210e+003
1.773327e+003
1.770705e+003
1.752365e+003
1.718470e+003
1.669322e+003
1.605356e+003
1.527141e+003
1.435371e+003
1.330860e+003
1.214536e+003
1.087431e+003
9.506744e+002
8.054792e+002
6.531343e+002
4.949921e+002
3.324560e+002
1.669690e+002
-3.224233e-014
-1.669690e+002
-3.324560e+002
-4.949921e+002
-6.531343e+002
-8.054792e+002
-9.506744e+002
-1.087431e+003
-1.214536e+003
-1.330860e+003
-1.435371e+003
-1.527141e+003
-1.605356e+003
-1.669322e+003
-1.718470e+003
-1.752365e+003
-1.770705e+003
-1.773327e+003
-1.760210e+003
-1.731468e+003
-1.687357e+003
-1.628268e+003
-1.554726e+003
-1.467384e+003
-1.367017e+003
-1.254516e+003
-1.130879e+003
-9.972036e+002
-8.546765e+002
-7.045627e+002
-5.481946e+002
-3.869601e+002
-2.222903e+002
-5.564664e+001
1.114915e+002
2.776406e+002
4.413261e+002
6.010950e+002
7.555292e+002
9.032578e+002
1.042970e+003
1.173425e+003
1.293466e+003
1.402026e+003
1.498143e+003
1.580963e+003
1.649751e+003
1.703897e+003
1.742919e+003
1.766472e+003
1.774346e+003
1.766472e+003
1.742919e+003
1.703897e+003
1.649751e+003
1.580963e+003
1.498143e+003
1.402026e+003
1.293466e+003
1.173425e+003
1.042970e+003
9.032578e+002
7.555292e+002
6.010950e+002
4.413261e+002
2.776406e+002
1.114915e+002
-5.564664e+001
-2.222903e+002
-3.869601e+002
-5.481946e+002
-7.045627e+002
-8.546765e+002
-9.972036e+002
-1.130879e+003
-1.254516e+003
-1.367017e+003
-1.467384e+003
-1.554726e+003
-1.628268e+003
-1.687357e+003
-1.731468e+003
-1.760210e+003
-1.773327e+003
-1.770705e+003
-1.752365e+003
-1.718470e+003
-1.669322e+003
-1.605356e+003
-1.527141e+003
-1.435371e+003
-1.330860e+003
-1.214536e+003
-1.087431e+003
-9.506744e+002
-8.054792e+002
-6.531343e+002
-4.949921e+002
-3.324560e+002
-1.669690e+002
3.224233e-014
1.669690e+002
3.324560e+002
4.949921e+002
6.531343e+002
8.054792e+002
9.506744e+002
1.087431e+003
1.214536e+003
1.330860e+003
1.435371e+003
1.527141e+003
1.605356e+003
1.669322e+003
1.718470e+003
1.752365e+003
1.770705e+003
1.773327e+003
1.760210e+003
1.731468e+003
1.687357e+003
1.628268e+003
1.554726e+003
1.467384e+003
1.367017e+003
1.254516e+003
1.130879e+003
9.972036e+002
8.546765e+002
7.045627e+002
5.481946e+002
3.869601e+002
2.222903e+002
5.564664e+001
-1.114915e+002
-2.776406e+002
-4.413261e+002
-6.010950e+002
-7.555292e+002
-9.032578e+002
-1.042970e+003
-1.173425e+003
-1.293466e+003
-1.402026e+003
-1.498143e+003
-1.580963e+003
-1.649751e+003
-1.703897e+003
-1.742919e+003
-1.766472e+003
-1.774346e+003
-1.766472e+003
-1.742919e+003
-1.703897e+003
-1.649751e+003
-1.580963e+003
-1.498143e+003
-1.402026e+003
-1.293466e+003
-1.173425e+003
-1.042970e+003
-9.032578e+002
-7.555292e+002
-6.010950e+002
-4.413261e+002
-2.776406e+002
-1.114915e+002
5.564664e+001
2.222903e+002
3.869601e+002
5.481946e+002
7.045627e+002
8.546765e+002
9.972036e+002
1.130879e+003
1.254516e+003
1.367017e+003
1.467384e+003
1.554726e+003
1.628268e+003
1.687357e+003
1.731468e+003
1.760210e+003
1.773327e+003
1.770705e+003
1.752365e+003
1.718470e+003
1.669322e+003
1.605356e+003
1.527141e+003
1.435371e+003
1.330860e+003
1.214536e+003
1.087431e+003
9.506744e+002
8.054792e+002
6.531343e+002
4.949921e+002
3.324560e+002
1.669690e+002
-3.224233e-014
-1.669690e+002
-3.324560e+002
-4.949921e+002
-6.531343e+002
-8.054792e+002
-9.506744e+002
-1.087431e+003
-1.214536e+003
-1.330860e+003
-1.435371e+003
-1.527141e+003
-1.605356e+003
-1.669322e+003
-1.718470e+003
-1.752365e+003
-1.770705e+003
-1.773327e+003
-1.760210e+003
-1.731468e+003
-1.687357e+003
-1.628268e+003
-1.554726e+003
-1.467384e+003
-1.367017e+003
-1.254516e+003
-1.130879e+003
-9.972036e+002
-8.546765e+002
-7.045627e+002
-5.481946e+002
-3.869601e+002
-2.222903e+002
-5.564664e+001
1.114915e+002
2.776406e+002
4.413261e+002
6.010950e+002
7.555292e+002
9.032578e+002
1.042970e+003
1.173425e+003
1.293466e+003
1.402026e+003
1.498143e+003
1.580963e+003
1.649751e+003
1.703897e+003
1.742919e+003
1.766472e+003
1.774346e+003
1.766472e+003
1.742919e+003
1.703897e+003
1.649751e+003
1.580963e+003
1.498143e+003
1.402026e+003
1.293466e+003
1.173425e+003
1.042970e+003
9.032578e+002
7.555292e+002
6.010950e+002
4.413261e+002
2.776406e+002
1.114915e+002
-5.564664e+001
-2.222903e+002
-3.869601e+002
-5.481946e+002
-7.045627e+002
-8.546765e+002
-9.972036e+002
-1.130879e+003
-1.254516e+003
-1.367017e+003
-1.467384e+003
-1.554726e+003
-1.628268e+003
-1.687357e+003
-1.731468e+003
-1.760210e+003
-1.773327e+003
-1.770705e+003
-1.752365e+003
-1.718470e+003
-1.669322e+003
-1.605356e+003
-1.527141e+003
-1.435371e+003
-1.330860e+003
-1.214536e+003
-1.087431e+003
-9.506744e+002
-8.054792e+002
-6.531343e+002
-4.949921e+002
-3.324560e+002
-1.669690e+002
3.224233e-014
1.669690e+002
3.324560e+002
4.949921e+002
6.531343e+002
8.054792e+002
9.506744e+002
1.087431e+003
1.214536e+003
1.330860e+003
1.435371e+003
1.527141e+003
1.605356e+003
1.669322e+003
1.718470e+003
1.752365e+003
1.770705e+003
1.773327e+003
1.760210e+003
1.731468e+003
1.687357e+003
1.628268e+003
1.554726e+003
1.467384e+003
1.367017e+003
1.254516e+003
1.130879e+003
9.972036e+002
8.546765e+002
7.045627e+002
5.481946e+002
3.869601e+002
2.222903e+002
5.564664e+001
-1.114915e+002
-2.776406e+002
-4.413261e+002
-6.010950e+002
-7.555292e+002
-9.032578e+002
-1.042970e+003
-1.173425e+003
-1.293466e+003
-1.402026e+003
-1.498143e+003
-1.580963e+003
-1.649751e+003
-1.703897e+003
-1.742919e+003
-1.766472e+003
-1.774346e+003
-1.766472e+003
-1.742919e+003
-1.703897e+003
-1.649751e+003
-1.580963e+003
-1.498143e+003
-1.402026e+003
-1.293466e+003
-1.173425e+003
-1.042970e+003
-9.032578e+002
-7.555292e+002
-6.010950e+002
-4.413261e+002
-2.776406e+002
-1.114915e+002
5.564664e+001
2.222903e+002
3.869601e+002
5.481946e+002
7.045627e+002
8.546765e+002
9.972036e+002
1.130879e+003
1.254516e+003
1.367017e+003
1.467384e+003
1.554726e+003
1.628268e+003
1.687357e+003
1.731468e+003
1.760210e+003
1.773327e+003
1.770705e+003
1.752365e+003
1.718470e+003
1.669322e+003
1.605356e+003
1.527141e+003
1.435371e+003
1.330860e+003
1.214536e+003
1.087431e+003
9.506744e+002
8.054792e+002
6.531343e+002
4.949921e+002
3.324560e+002
1.669690e+002
-3.224233e-014
-1.669690e+002
-3.324560e+002
-4.949921e+002
-6.531343e+002
-8.054792e+002
-9.506744e+002
-1.087431e+003
-1.214536e+003
-1.330860e+003
-1.435371e+003
-1.527141e+003
-1.605356e+003
-1.669322e+003
-1.718470e+003
-1.752365e+003
-1.770705e+003
-1.773327e+003
-1.760210e+003
-1.731468e+003
-1.687357e+003
-1.628268e+003
-1.554726e+003
-1.467384e+003
-1.367017e+003
-1.254516e+003
-1.130879e+003
-9.972036e+002
-8.546765e+002
-7.045627e+002
-5.481946e+002
-3.869601e+002
-2.222903e+002
-5.564664e+001
1.114915e+002
2.776406e+002
4.413261e+002
6.010950e+002
7.555292e+002
9.032578e+002
1.042970e+003
1.173425e+003
1.293466e+003
1.402026e+003
1.498143e+003
1.580963e+003
1.649751e+003
1.703897e+003
1.742919e+003
1.766472e+003
1.774346e+003
1.766472e+003
1.742919e+003
1.703897e+003
1.649751e+003
1.580963e+003
1.498143e+003
1.402026e+003
1.293466e+003
1.173425e+003
1.042970e+003
9.032578e+002
7.555292e+002
6.010950e+002
4.413261e+002
2.776406e+002
1.114915e+002
-5.564664e+001
-2.222903e+002
-3.869601e+002
-5.481946e+002
-7.045627e+002
-8.546765e+002
-9.972036e+002
-1.130879e+003
-1.254516e+003
-1.367017e+003
-1.467384e+003
-1.554726e+003
-1.628268e+003
-1.687357e+003
-1.731468e+003
-1.760210e+003
-1.773327e+003
-1.770705e+003
-1.752365e+003
-1.718470e+003
-1.669322e+003
-1.605356e+003
-1.527141e+003
-1.435371e+003
-1.330860e+003
-1.214536e+003
-1.087431e+003
-9.506744e+002
-8.054792e+002
-6.531343e+002
-4.949921e+002
-3.324560e+002
-1.669690e+002
3.224233e-014
1.669690e+002
3.324560e+002
4.949921e+002
6.531343e+002
8.054792e+002
9.506744e+002
1.087431e+003
1.214536e+003
1.330860e+003
1.435371e+003
1.527141e+003
1.605356e+003
1.669322e+003
1.718470e+003
1.752365e+003
1.770705e+003
1.773327e+003
1.760210e+003
1.731468e+003
1.687357e+003
1.628268e+003
1.554726e+003
1.467384e+003
1.367017e+003
1.254516e+003
1.130879e+003
9.972036e+002
8.546765e+002
7.045627e+002
5.481946e+002
3.869601e+002
2.222903e+002
5.564664e+001
-1.114915e+002
-2.776406e+002
-4.413261e+002
-6.010950e+002
-7.555292e+002
-9.032578e+002
-1.042970e+003
-1.173425e+003
-1.293466e+003
-1.402026e+003
-1.498143e+003
-1.580963e+003
-1.649751e+003
-1.703897e+003
-1.742919e+003
-1.766472e+003
-1.774346e+003
-1.766472e+003
-1.742919e+003
-1.703897e+003
-1.649751e+003
-1.580963e+003
-1.498143e+003
-1.402026e+003
-1.293466e+003
-1.173425e+003
-1.042970e+003
-9.032578e+002
-7.555292e+002
-6.010950e+002
-4.413261e+002
-2.776406e+002
-1.114915e+002
5.564664e+001
2.222903e+002
3.869601e+002
5.481946e+002
7.045627e+002
8.546765e+002
9.972036e+002
1.130879e+003
1.254516e+003
1.367017e+003
1.467384e+003
1.554726e+003
1.628268e+003
1.687357e+003
1.731468e+003
1.760210e+003
1.773327e+003
1.770705e+003
1.752365e+003
1.718470e+003
1.669322e+003
1.605356e+003
1.527141e+003
1.435371e+003
1.330860e+003
1.214536e+003
1.087431e+003
9.506744e+002
8.054792e+002
6.531343e+002
4.949921e+002
3.324560e+002
1.669690e+002
-3.224233e-014
-1.669690e+002
-3.324560e+002
-4.949921e+002
-6.531343e+002
-8.054792e+002
-9.506744e+002
-1.087431e+003
-1.214536e+003
-1.330860e+003
-1.435371e+003
-1.527141e+003
-1.605356e+003
-1.669322e+003
-1.718470e+003
-1.752365e+003
-1.770705e+003
-1.773327e+003
-1.760210e+003
-1.731468e+003
-1.687357e+003
-1.628268e+003
-1.554726e+003
-1.467384e+003
-1.367017e+003
-1.254516e+003
-1.130879e+003
-9.972036e+002
-8.546765e+002
-7.045627e+002
-5.481946e+002
-3.869601e+002
-2.222903e+002
-5.564664e+001
1.114915e+002
2.776406e+002
4.413261e+002
6.010950e+002
7.555292e+002
9.032578e+002
1.042970e+003
1.173425e+003
1.293466e+003
1.402026e+003
1.498143e+003
1.580963e+003
1.649751e+003
1.703897e+003
1.742919e+003
1.766472e+003
1.774346e+003
1.766472e+003
1.742919e+003
1.703897e+003
1.649751e+003
1.580963e+003
1.498143e+003
1.402026e+003
1.293466e+003
1.173425e+003
1.042970e+003
9.032578e+002
7.555292e+002
6.010950e+002
4.413261e+002
2.776406e+002
1.114915e+002
-5.564664e+001
-2.222903e+002
-3.869601e+002
-5.481946e+002
-7.045627e+002
-8.546765e+002
-9.972036e+002
-1.130879e+003
-1.254516e+003
-1.367017e+003
-1.467384e+003
-1.554726e+003
-1.628268e+003
-1.687357e+003
-1.731468e+003
-1.760210e+003
-1.773327e+003
-1.770705e+003
-1.752365e+003
-1.718470e+003
-1.669322e+003
-1.605356e+003
-1.527141e+003
-1.435371e+003
-1.330860e+003
-1.214536e+003
-1.087431e+003
-9.506744e+002
-8.054792e+002
-6.531343e+002
-4.949921e+002
-3.324560e+002
-1.669690e+002
3.224233e-014
1.669690e+002
3.324560e+002
4.949921e+002
6.531343e+002
8.054792e+002
9.506744e+002
1.087431e+003
1.214536e+003
1.330860e+003
1.435371e+003
1.527141e+003
1.605356e+003
1.669322e+003
1.718470e+003
1.752365e+003
1.770705e+003
1.773327e+003
1.760210e+003
1.731468e+003
1.687357e+003
1.628268e+003
1.554726e+003
1.467384e+003
1.367017e+003
1.254516e+003
1.130879e+003
9.972036e+002
8.546765e+002
7.045627e+002
5.481946e+002
3.869601e+002
2.222903e+002
5.564664e+001
-1.114915e+002
-2.776406e+002
-4.413261e+002
-6.010950e+002
-7.555292e+002
-9.032578e+002
-1.042970e+003
-1.173425e+003
-1.293466e+003
-1.402026e+003
-1.498143e+003
-1.580963e+003
-1.649751e+003
-1.703897e+003
-1.742919e+003
-1.766472e+003
-1.774346e+003
-1.766472e+003
-1.742919e+003
-1.703897e+003
-1.649751e+003
-1.580963e+003
-1.498143e+003
-1.402026e+003
-1.293466e+003
-1.173425e+003
-1.042970e+003
-9.032578e+002
-7.555292e+002
-6.010950e+002
-4.413261e+002
-2.776406e+002
-1.114915e+002
5.564664e+001
2.222903e+002
3.869601e+002
5.481946e+002
7.045627e+002
8.546765e+002
9.972036e+002
1.130879e+003
1.254516e+003
1.367017e+003
1.467384e+003
1.554726e+003
1.628268e+003
1.687357e+003
1.731468e+003
1.760210e+003
1.773327e+003
1.770705e+003
1.752365e+003
1.718470e+003
1.669322e+003
1.605356e+003
1.527141e+003
1.435371e+003
1.330860e+003
1.214536e+003
1.087431e+003
9.506744e+002
8.054792e+002
6.531343e+002
4.949921e+002
3.324560e+002
1.669690e+002
-3.224233e-014
-1.669690e+002
-3.324560e+002
-4.949921e+002
-6.531343e+002
-8.054792e+002
-9.506744e+002
-1.087431e+003
-1.214536e+003
-1.330860e+003
-1.435371e+003
-1.527141e+003
-1.605356e+003
-1.669322e+003
-1.718470e+003
-1.752365e+003
-1.770705e+003
-1.773327e+003
-1.760210e+003
-1.731468e+003
-1.687357e+003
-1.628268e+003
-1.554726e+003
-1.467384e+003
-1.367017e+003
-1.254516e+003
-1.130879e+003
-9.972036e+002
-8.546765e+002
-7.045627e+002
-5.481946e+002
-3.869601e+002
-2.222903e+002
-5.564664e+001
1.114915e+002
2.776406e+002
4.413261e+002
6.010950e+002
7.555292e+002
9.032578e+002
1.042970e+003
1.173425e+003
1.293466e+003
1.402026e+003
1.498143e+003
1.580963e+003
1.649751e+003
1.703897e+003
1.742919e+003
1.766472e+003
1.774346e+003
1.766472e+003
1.742919e+003
1.703897e+003
1.649751e+003
1.580963e+003
1.498143e+003
1.402026e+003
1.293466e+003
1.173425e+003
1.042970e+003
9.032578e+002
7.555292e+002
6.010950e+002
4.413261e+002
2.776406e+002
1.114915e+002
-5.564664e+001
-2.222903e+002
-3.869601e+002
-5.481946e+002
-7.045627e+002
-8.546765e+002
-9.972036e+002
-1.130879e+003
-1.254516e+003
-1.367017e+003
-1.467384e+003
-1.554726e+003
-1.628268e+003
-1.687357e+003
-1.731468e+003
-1.760210e+003
-1.773327e+003
-1.770705e+003
-1.752365e+003
-1.718470e+003
-1.669322e+003
-1.605356e+003
-1.527141e+003
-1.435371e+003
-1.330860e+003
-1.214536e+003
-1.087431e+003
-9.506744e+002
-8.054792e+002
-6.531343e+002
-4.949921e+002
-3.324560e+002
-1.669690e+002
3.224233e-014
1.669690e+002
3.324560e+002
4.949921e+002
6.531343e+002
8.054792e+002
9.506744e+002
1.087431e+003
1.214536e+003
1.330860e+003
1.435371e+003
1.527141e+003
1.605356e+003
1.669322e+003
1.718470e+003
1.752365e+003
1.770705e+003
1.773327e+003
1.760210e+003
1.731468e+003
1.687357e+003
1.628268e+003
1.554726e+003
1.467384e+003
1.367017e+003
1.254516e+003
1.130879e+003
9.972036e+002
8.546765e+002
7.045627e+002
5.481946e+002
3.869601e+002
2.222903e+002
5.564664e+001
-1.114915e+002
-2.776406e+002
-4.413261e+002
-6.010950e+002
-7.555292e+002
-9.032578e+002
-1.042970e+003
-1.173425e+003
-1.293466e+003
-1.402026e+003
-1.498143e+003
-1.580963e+003
-1.649751e+003
-1.703897e+003
-1.742919e+003
-1.766472e+003
-1.774346e+003
-1.766472e+003
-1.742919e+003
-1.703897e+003
-1.649751e+003
-1.580963e+003
-1.498143e+003
-1.402026e+003
-1.293466e+003
-1.173425e+003
-1.042970e+003
-9.032578e+002
-7.555292e+002
-6.010950e+002
-4.413261e+002
-2.776406e+002
-1.114915e+002
5.564664e+001
2.222903e+002
3.869601e+002
5.481946e+002
7.045627e+002
8.546765e+002
9.972036e+002
1.130879e+003
1.254516e+003
1.367017e+003
1.467384e+003
1.554726e+003
1.628268e+003
1.687357e+003
1.731468e+003
1.760210e+003
1.773327e+003
1.770705e+003
1.752365e+003
1.718470e+003
1.669322e+003
1.605356e+003
1.527141e+003
1.435371e+003
1.330860e+003
1.214536e+003
1.087431e+003
9.506744e+002
8.054792e+002
6.531343e+002
4.949921e+002
3.324560e+002
1.669690e+002
-3.224233e-014
-1.669690e+002
-3.324560e+002
-4.949921e+002
-6.531343e+002
-8.054792e+002
-9.506744e+002
-1.087431e+003
-1.214536e+003
-1.330860e+003
-1.435371e+003
-1.527141e+003
-1.605356e+003
-1.669322e+003
-1.718470e+003
-1.752365e+003
-1.770705e+003
-1.773327e+003
-1.760210e+003
-1.731468e+003
-1.687357e+003
-1.628268e+003
-1.554726e+003
-1.467384e+003
-1.367017e+003
-1.254516e+003
-1.130879e+003
-9.972036e+002
-8.546765e+002
-7.045627e+002
-5.481946e+002
-3.869601e+002
-2.222903e+002
-5.564664e+001
1.114915e+002
2.776406e+002
4.413261e+002
6.010950e+002
7.555292e+002
9.032578e+002
1.042970e+003
1.173425e+003
1.293466e+003
1.402026e+003
1.498143e+003
1.580963e+003
1.649751e+003
1.703897e+003
1.742919e+003
1.766472e+003
1.774346e+003
1.766472e+003
1.742919e+003
1.703897e+003
1.649751e+003
1.580963e+003
1.498143e+003
1.402026e+003
1.293466e+003
1.173425e+003
1.042970e+003
9.032578e+002
7.555292e+002
6.010950e+002
4.413261e+002
2.776406e+002
1.114915e+002
-5.564664e+001
-2.222903e+002
-3.869601e+002
-5.481946e+002
-7.045627e+002
-8.546765e+002
-9.972036e+002
-1.130879e+003
-1.254516e+003
-1.367017e+003
-1.467384e+003
-1.554726e+003
-1.628268e+003
-1.687357e+003
-1.731468e+003
-1.760210e+003
-1.773327e+003
-1.770705e+003
-1.752365e+003
-1.718470e+003
-1.669322e+003
-1.605356e+003
-1.527141e+003
-1.435371e+003
-1.330860e+003
-1.214536e+003
-1.087431e+003
-9.506744e+002
-8.054792e+002
-6.531343e+002
-4.949921e+002
-3.324560e+002
-1.669690e+002
3.224233e-014
1.669690e+002
3.324560e+002
4.949921e+002
6.531343e+002
8.054792e+002
9.506744e+002
1.087431e+003
1.214536e+003
1.330860e+003
1.435371e+003
1.527141e+003
1.605356e+003
1.669322e+003
1.718470e+003
1.752365e+003
1.770705e+003
1.773327e+003
1.760210e+003
1.731468e+003
1.687357e+003
1.628268e+003
1.554726e+003
1.467384e+003
1.367017e+003
1.254516e+003
1.130879e+003
9.972036e+002
8.546765e+002
7.045627e+002
5.481946e+002
3.869601e+002
2.222903e+002
5.564664e+001
-1.114915e+002
-2.776406e+002
-4.413261e+002
-6.010950e+002
-7.555292e+002
-9.032578e+002
-1.042970e+003
-1.173425e+003
-1.293466e+003
-1.402026e+003
-1.498143e+003
-1.580963e+003
-1.649751e+003
-1.703897e+003
-1.742919e+003
-1.766472e+003
-1.774346e+003
-1.766472e+003
-1.742919e+003
-1.703897e+003
-1.649751e+003
-1.580963e+003
-1.498143e+003
-1.402026e+003
-1.293466e+003
-1.173425e+003
-1.042970e+003
-9.032578e+002
-7.555292e+002
-6.010950e+002
-4.413261e+002
-2.776406e+002
-1.114915e+002
5.564664e+001
2.222903e+002
3.869601e+002
5.481946e+002
7.045627e+002
8.546765e+002
9.972036e+002
1.130879e+003
1.254516e+003
1.367017e+003
1.467384e+003
1.554726e+003
1.628268e+003
1.687357e+003
1.731468e+003
1.760210e+003
1.773327e+003
1.770705e+003
1.752365e+003
1.718470e+003
1.669322e+003
1.605356e+003
1.527141e+003
1.435371e+003
1.330860e+003
1.214536e+003
1.087431e+003
9.506744e+002
8.054792e+002
6.531343e+002
4.949921e+002
3.324560e+002
1.669690e+002
-3.224233e-014
-1.669690e+002
-3.324560e+002
-4.949921e+002
-6.531343e+002
-8.054792e+002
-9.506744e+002
-1.087431e+003
-1.214536e+003
-1.330860e+003
-1.435371e+003
-1.527141e+003
-1.605356e+003
-1.669322e+003
-1.718470e+003
-1.752365e+003
-1.770705e+003
-1.773327e+003
-1.760210e+003
-1.731468e+003
-1.687357e+003
-1.628268e+003
-1.554726e+003
-1.467384e+003
-1.367017e+003
-1.254516e+003
-1.130879e+003
-9.972036e+002
-8.546765e+002
-7.045627e+002
-5.481946e+002
-3.869601e+002
-2.222903e+002
-5.564664e+001
1.114915e+002
2.776406e+002
4.413261e+002
6.010950e+002
7.555292e+002
9.032578e+002
1.042970e+003
1.173425e+003
1.293466e+003
1.402026e+003
1.498143e+003
1.580963e+003
1.649751e+003
1.703897e+003
1.742919e+003
1.766472e+003
1.774346e+003
1.766472e+003
1.742919e+003
1.703897e+003
1.649751e+003
1.580963e+003
1.498143e+003
1.402026e+003
1.293466e+003
1.173425e+003
1.042970e+003
9.032578e+002
7.555292e+002
6.010950e+002
4.413261e+002
2.776406e+002
1.114915e+002
-5.564664e+001
-2.222903e+002
-3.869601e+002
-5.481946e+002
-7.045627e+002
-8.546765e+002
-9.972036e+002
-1.130879e+003
-1.254516e+003
-1.367017e+003
-1.467384e+003
-1.554726e+003
-1.628268e+003
-1.687357e+003
-1.731468e+003
-1.760210e+003
-1.773327e+003
-1.770705e+003
-1.752365e+003
-1.718470e+003
-1.669322e+003
-1.605356e+003
-1.527141e+003
-1.435371e+003
-1.330860e+003
-1.214536e+003
-1.087431e+003
-9.506744e+002
-8.054792e+002
-6.531343e+002
-4.949921e+002
-3.324560e+002
-1.669690e+002
3.224233e-014
1.669690e+002
3.324560e+002
4.949921e+002
6.531343e+002
8.054792e+002
9.506744e+002
1.087431e+003
1.214536e+003
1.330860e+003
1.435371e+003
1.527141e+003
1.605356e+003
1.669322e+003
1.718470e+003
1.752365e+003
1.770705e+003
1.773327e+003
1.760210e+003
1.731468e+003
1.687357e+003
1.628268e+003
1.554726e+003
1.467384e+003
1.367017e+003
1.254516e+003
1.130879e+003
9.972036e+002
8.546765e+002
7.045627e+002
5.481946e+002
3.869601e+002
2.222903e+002
5.564664e+001
-1.114915e+002
-2.776406e+002
-4.413261e+002
-6.010950e+002
-7.555292e+002
-9.032578e+002
-1.042970e+003
-1.173425e+003
-1.293466e+003
-1.402026e+003
-1.498143e+003
-1.580963e+003
-1.649751e+003
-1.703897e+003
-1.742919e+003
-1.766472e+003
-1.774346e+003
-1.766472e+003
-1.742919e+003
-1.703897e+003
-1.649751e+003
-1.580963e+003
-1.498143e+003
-1.402026e+003
-1.293466e+003
-1.173425e+003
-1.042970e+003
-9.032578e+002
-7.555292e+002
-6.010950e+002
-4.413261e+002
-2.776406e+002
-1.114915e+002
5.564664e+001
2.222903e+002
3.869601e+002
5.481946e+002
7.045627e+002
8.546765e+002
9.972036e+002
1.130879e+003
1.254516e+003
1.367017e+003
1.467384e+003
1.554726e+003
1.628268e+003
1.687357e+003
1.731468e+003
1.760210e+003
1.773327e+003
1.770705e+003
1.752365e+003
1.718470e+003
1.669322e+003
1.605356e+003
1.527141e+003
1.435371e+003
1.330860e+003
1.214536e+003
1.087431e+003
9.506744e+002
8.054792e+002
6.531343e+002
4.949921e+002
3.324560e+002
1.669690e+002
-3.224233e-014
-1.669690e+002
-3.324560e+002
-4.949921e+002
-6.531343e+002
-8.054792e+002
-9.506744e+002
-1.087431e+003
-1.214536e+003
-1.330860e+003
-1.435371e+003
-1.527141e+003
-1.605356e+003
-1.669322e+003
-1.718470e+003
-1.752365e+003
-1.770705e+003
-1.773327e+003
-1.760210e+003
-1.731468e+003
-1.687357e+003
-1.628268e+003
-1.554726e+003
-1.467384e+003
-1.367017e+003
-1.254516e+003
-1.130879e+003
-9.972036e+002
-8.546765e+002
-7.045627e+002
-5.481946e+002
-3.869601e+002
-2.222903e+002
-5.564664e+001
1.114915e+002
2.776406e+002
4.413261e+002
6.010950e+002
7.555292e+002
9.032578e+002
1.042970e+003
1.173425e+003
1.293466e+003
1.402026e+003
1.498143e+003
1.580963e+003
1.649751e+003
1.703897e+003
1.742919e+003
1.766472e+003
1.774346e+003
1.766472e+003
1.742919e+003
1.703897e+003
1.649751e+003
1.580963e+003
1.498143e+003
1.402026e+003
1.293466e+003
1.173425e+003
1.042970e+003
9.032578e+002
7.555292e+002
6.010950e+002
4.413261e+002
2.776406e+002
1.114915e+002
-5.564664e+001
-2.222903e+002
-3.869601e+002
-5.481946e+002
-7.045627e+002
-8.546765e+002
-9.972036e+002
-1.130879e+003
-1.254516e+003
-1.367017e+003
-1.467384e+003
-1.554726e+003
-1.628268e+003
-1.687357e+003
-1.731468e+003
-1.760210e+003
-1.773327e+003
-1.770705e+003
-1.752365e+003
-1.718470e+003
-1.669322e+003
-1.605356e+003
-1.527141e+003
-1.435371e+003
-1.330860e+003
-1.214536e+003
-1.087431e+003
-9.506744e+002
-8.054792e+002
-6.531343e+002
-4.949921e+002
-3.324560e+002
-1.669690e+002
3.224233e-014
1.669690e+002
3.324560e+002
4.949921e+002
6.531343e+002
8.054792e+002
9.506744e+002
1.087431e+003
1.214536e+003
1.330860e+003
1.435371e+003
1.527141e+003
1.605356e+003
1.669322e+003
1.718470e+003
1.752365e+003
1.770705e+003
1.773327e+003
1.760210e+003
1.731468e+003
1.687357e+003
1.628268e+003
1.554726e+003
1.467384e+003
1.367017e+003
1.254516e+003
1.130879e+003
9.972036e+002
8.546765e+002
7.045627e+002
5.481946e+002
3.869601e+002
2.222903e+002
5.564664e+001
-1.114915e+002
-2.776406e+002
-4.413261e+002
-6.010950e+002
-7.555292e+002
-9.032578e+002
-1.042970e+003
-1.173425e+003
-1.293466e+003
-1.402026e+003
-1.498143e+003
-1.580963e+003
-1.649751e+003
-1.703897e+003
-1.742919e+003
-1.766472e+003
-1.774346e+003
-1.766472e+003
-1.742919e+003
-1.703897e+003
-1.649751e+003
-1.580963e+003
-1.498143e+003
-1.402026e+003
-1.293466e+003
-1.173425e+003
-1.042970e+003
-9.032578e+002
-7.555292e+002
-6.010950e+002
-4.413261e+002
-2.776406e+002
-1.114915e+002
5.564664e+001
2.222903e+002
3.869601e+002
5.481946e+002
7.045627e+002
8.546765e+002
9.972036e+002
1.130879e+003
1.254516e+003
1.367017e+003
1.467384e+003
1.554726e+003
1.628268e+003
1.687357e+003
1.731468e+003
1.760210e+003
1.773327e+003
1.770705e+003
1.752365e+003
1.718470e+003
1.669322e+003
1.605356e+003
1.527141e+003
1.435371e+003
1.330860e+003
1.214536e+003
1.087431e+003
9.506744e+002
8.054792e+002
6.531343e+002
4.949921e+002
3.324560e+002
1.669690e+002
-3.224233e-014
-1.669690e+002
-3.324560e+002
-4.949921e+002
-6.531343e+002
-8.054792e+002
-9.506744e+002
-1.087431e+003
-1.214536e+003
-1.330860e+003
-1.435371e+003
-1.527141e+003
-1.605356e+003
-1.669322e+003
-1.718470e+003
-1.752365e+003
-1.770705e+003
-1.773327e+003
-1.760210e+003
-1.731468e+003
-1.687357e+003
-1.628268e+003
-1.554726e+003
-1.467384e+003
-1.367017e+003
-1.254516e+003
-1.130879e+003
-9.972036e+002
-8.546765e+002
-7.045627e+002
-5.481946e+002
-3.869601e+002
-2.222903e+002
-5.564664e+001
1.114915e+002
2.776406e+002
4.413261e+002
6.010950e+002
7.555292e+002
9.032578e+002
1.042970e+003
1.173425e+003
1.293466e+003
1.402026e+003
1.498143e+003
1.580963e+003
1.649751e+003
1.703897e+003
1.742919e+003
1.766472e+003
1.774346e+003
1.766472e+003
1.742919e+003
1.703897e+003
1.649751e+003
1.580963e+003
1.498143e+003
1.402026e+003
1.293466e+003
1.173425e+003
1.042970e+003
9.032578e+002
7.555292e+002
6.010950e+002
4.413261e+002
2.776406e+002
1.114915e+002
-5.564664e+001
-2.222903e+002
-3.869601e+002
-5.481946e+002
-7.045627e+002
-8.546765e+002
-9.972036e+002
-1.130879e+003
-1.254516e+003
-1.367017e+003
-1.467384e+003
-1.554726e+003
-1.628268e+003
-1.687357e+003
-1.731468e+003
-1.760210e+003
-1.773327e+003
-1.770705e+003
-1.752365e+003
-1.718470e+003
-1.669322e+003
-1.605356e+003
-1.527141e+003
-1.435371e+003
-1.330860e+003
-1.214536e+003
-1.087431e+003
-9.506744e+002
-8.054792e+002
-6.531343e+002
-4.949921e+002
-3.324560e+002
-1.669690e+002
3.224233e-014
1.669690e+002
3.324560e+002
4.949921e+002
6.531343e+002
8.054792e+002
9.506744e+002
1.087431e+003
1.214536e+003
1.330860e+003
1.435371e+003
1.527141e+003
1.605356e+003
1.669322e+003
1.718470e+003
1.752365e+003
1.770705e+003
1.773327e+003
1.760210e+003
1.731468e+003
1.687357e+003
1.628268e+003
1.554726e+003
1.467384e+003
1.367017e+003
1.254516e+003
1.130879e+003
9.972036e+002
8.546765e+002
7.045627e+002
5.481946e+002
3.869601e+002
2.222903e+002
5.564664e+001
-1.114915e+002
-2.776406e+002
-4.413261e+002
-6.010950e+002
-7.555292e+002
-9.032578e+002
-1.042970e+003
-1.173425e+003
-1.293466e+003
-1.402026e+003
-1.498143e+003
-1.580963e+003
-1.649751e+003
-1.703897e+003
-1.742919e+003
-1.766472e+003
-1.774346e+003
-1.766472e+003
-1.742919e+003
-1.703897e+003
-1.649751e+003
-1.580963e+003
-1.498143e+003
-1.402026e+003
-1.293466e+003
-1.173425e+003
-1.042970e+003
-9.032578e+002
-7.555292e+002
-6.010950e+002
-4.413261e+002
-2.776406e+002
-1.114915e+002
5.564664e+001
2.222903e+002
3.869601e+002
5.481946e+002
7.045627e+002
8.546765e+002
9.972036e+002
1.130879e+003
1.254516e+003
1.367017e+003
1.467384e+003
1.554726e+003
1.628268e+003
1.687357e+003
1.731468e+003
1.760210e+003
1.773327e+003
1.770705e+003
1.752365e+003
1.718470e+003
1.669322e+003
1.605356e+003
1.527141e+003
1.435371e+003
1.330860e+003
1.214536e+003
1.087431e+003
9.506744e+002
8.054792e+002
6.531343e+002
4.949921e+002
3.324560e+002
1.669690e+002
-3.224233e-014
-1.669690e+002
-3.324560e+002
-4.949921e+002
-6.531343e+002
-8.054792e+002
-9.506744e+002
-1.087431e+003
-1.214536e+003
-1.330860e+003
-1.435371e+003
-1.527141e+003
-1.605356e+003
-1.669322e+003
-1.718470e+003
-1.752365e+003
-1.770705e+003
-1.773327e+003
-1.760210e+003
-1.731468e+003
-1.687357e+003
-1.628268e+003
-1.554726e+003
-1.467384e+003
-1.367017e+003
-1.254516e+003
-1.130879e+003
-9.972036e+002
-8.546765e+002
-7.045627e+002
-5.481946e+002
-3.869601e+002
-2.222903e+002
-5.564664e+001
1.114915e+002
2.776406e+002
4.413261e+002
6.010950e+002
7.555292e+002
9.032578e+002
1.042970e+003
1.173425e+003
1.293466e+003
1.402026e+003
1.498143e+003
1.580963e+003
1.649751e+003
1.703897e+003
1.742919e+003
1.766472e+003
1.774346e+003
1.766472e+003
1.742919e+003
1.703897e+003
1.649751e+003
1.580963e+003
1.498143e+003
1.402026e+003
1.293466e+003
1.173425e+003
1.042970e+003
9.032578e+002
7.555292e+002
6.010950e+002
4.413261e+002
2.776406e+002
1.114915e+002
-5.564664e+001
-2.222903e+002
-3.869601e+002
-5.481946e+002
-7.045627e+002
-8.546765e+002
-9.972036e+002
-1.130879e+003
-1.254516e+003
-1.367017e+003
-1.467384e+003
-1.554726e+003
-1.628268e+003
-1.687357e+003
-1.731468e+003
-1.760210e+003
-1.773327e+003
-1.770705e+003
-1.752365e+003
-1.718470e+003
-1.669322e+003
-1.605356e+003
-1.527141e+003
-1.435371e+003
-1.330860e+003
-1.214536e+003
-1.087431e+003
-9.506744e+002
-8.054792e+002
-6.531343e+002
-4.949921e+002
-3.324560e+002
-1.669690e+002
3.224233e-014
1.669690e+002
3.324560e+002
4.949921e+002
6.531343e+002
8.054792e+002
9.506744e+002
1.087431e+003
1.214536e+003
1.330860e+003
1.435371e+003
1.527141e+003
1.605356e+003
1.669322e+003
1.718470e+003
1.752365e+003
1.770705e+003
1.773327e+003
1.760210e+003
1.731468e+003
1.687357e+003
1.628268e+003
1.554726e+003
1.467384e+003
1.367017e+003
1.254516e+003
1.130879e+003
9.972036e+002
8.546765e+002
7.045627e+002
5.481946e+002
3.869601e+002
2.222903e+002
5.564664e+001
-1.114915e+002
-2.776406e+002
-4.413261e+002
-6.010950e+002
-7.555292e+002
-9.032578e+002
-1.042970e+003
-1.173425e+003
-1.293466e+003
-1.402026e+003
-1.498143e+003
-1.580963e+003
-1.649751e+003
-1.703897e+003
-1.742919e+003
-1.766472e+003
-1.774346e+003
-1.766472e+003
-1.742919e+003
-1.703897e+003
-1.649751e+003
-1.580963e+003
-1.498143e+003
-1.402026e+003
-1.293466e+003
-1.173425e+003
-1.042970e+003
-9.032578e+002
-7.555292e+002
-6.010950e+002
-4.413261e+002
-2.776406e+002
-1.114915e+002
5.564664e+001
2.222903e+002
3.869601e+002
5.481946e+002
7.045627e+002
8.546765e+002
9.972036e+002
1.130879e+003
1.254516e+003
1.367017e+003
1.467384e+003
1.554726e+003
1.628268e+003
1.687357e+003
1.731468e+003
1.760210e+003
1.773327e+003
1.770705e+003
1.752365e+003
1.718470e+003
1.669322e+003
1.605356e+003
1.527141e+003
1.435371e+003
1.330860e+003
1.214536e+003
1.087431e+003
9.506744e+002
8.054792e+002
6.531343e+002
4.949921e+002
3.324560e+002
1.669690e+002
-3.224233e-014
-1.669690e+002
-3.324560e+002
-4.949921e+002
-6.531343e+002
-8.054792e+002
-9.506744e+002
-1.087431e+003
-1.214536e+003
-1.330860e+003
-1.435371e+003
-1.527141e+003
-1.605356e+003
-1.669322e+003
-1.718470e+003
-1.752365e+003
-1.770705e+003
-1.773327e+003
-1.760210e+003
-1.731468e+003
-1.687357e+003
-1.628268e+003
-1.554726e+003
-1.467384e+003
-1.367017e+003
-1.254516e+003
-1.130879e+003
-9.972036e+002
-8.546765e+002
-7.045627e+002
-5.481946e+002
-3.869601e+002
-2.222903e+002
-5.564664e+001
1.114915e+002
2.776406e+002
4.413261e+002
6.010950e+002
7.555292e+002
9.032578e+002
1.042970e+003
1.173425e+003
1.293466e+003
1.402026e+003
1.498143e+003
1.580963e+003
1.649751e+003
1.703897e+003
1.742919e+003
1.766472e+003
1.774346e+003
1.766472e+003
1.742919e+003
1.703897e+003
1.649751e+003
1.580963e+003
1.498143e+003
1.402026e+003
1.293466e+003
1.173425e+003
1.042970e+003
9.032578e+002
7.555292e+002
6.010950e+002
4.413261e+002
2.776406e+002
1.114915e+002
-5.564664e+001
-2.222903e+002
-3.869601e+002
-5.481946e+002
-7.045627e+002
-8.546765e+002
-9.972036e+002
-1.130879e+003
-1.254516e+003
-1.367017e+003
-1.467384e+003
-1.554726e+003
-1.628268e+003
-1.687357e+003
-1.731468e+003
-1.760210e+003
-1.773327e+003
-1.770705e+003
-1.752365e+003
-1.718470e+003
-1.669322e+003
-1.605356e+003
-1.527141e+003
-1.435371e+003
-1.330860e+003
-1.214536e+003
-1.087431e+003
-9.506744e+002
-8.054792e+002
-6.531343e+002
-4.949921e+002
-3.324560e+002
-1.669690e+002
3.224233e-014
1.669690e+002
3.324560e+002
4.949921e+002
6.531343e+002
8.054792e+002
9.506744e+002
1.087431e+003
1.214536e+003
1.330860e+003
1.435371e+003
1.527141e+003
1.605356e+003
1.669322e+003
1.718470e+003
1.752365e+003
1.770705e+003
1.773327e+003
1.760210e+003
1.731468e+003
1.687357e+003
1.628268e+003
1.554726e+003
1.467384e+003
1.367017e+003
1.254516e+003
1.130879e+003
9.972036e+002
8.546765e+002
7.045627e+002
5.481946e+002
3.869601e+002
2.222903e+002
5.564664e+001
-1.114915e+002
-2.776406e+002
-4.413261e+002
-6.010950e+002
-7.555292e+002
-9.032578e+002
-1.042970e+003
-1.173425e+003
-1.293466e+003
-1.402026e+003
-1.498143e+003
-1.580963e+003
-1.649751e+003
-1.703897e+003
-1.742919e+003
-1.766472e+003
-1.774346e+003
-1.766472e+003
-1.742919e+003
-1.703897e+003
-1.649751e+003
-1.580963e+003
-1.498143e+003
-1.402026e+003
-1.293466e+003
-1.173425e+003
-1.042970e+003
-9.032578e+002
-7.555292e+002
-6.010950e+002
-4.413261e+002
-2.776406e+002
-1.114915e+002
5.564664e+001
2.222903e+002
3.869601e+002
5.481946e+002
7.045627e+002
8.546765e+002
9.972036e+002
1.130879e+003
1.254516e+003
1.367017e+003
1.467384e+003
1.554726e+003
1.628268e+003
1.687357e+003
1.731468e+003
1.760210e+003
1.773327e+003
1.770705e+003
1.752365e+003
1.718470e+003
1.669322e+003
1.605356e+003
1.527141e+003
1.435371e+003
1.330860e+003
1.214536e+003
1.087431e+003
9.506744e+002
8.054792e+002
6.531343e+002
4.949921e+002
3.324560e+002
1.669690e+002
-3.224233e-014
-1.669690e+002
-3.324560e+002
-4.949921e+002
-6.531343e+002
-8.054792e+002
-9.506744e+002
-1.087431e+003
-1.214536e+003
-1.330860e+003
-1.435371e+003
-1.527141e+003
-1.605356e+003
-1.669322e+003
-1.718470e+003
-1.752365e+003
-1.770705e+003
-1.773327e+003
-1.760210e+003
-1.731468e+003
-1.687357e+003
-1.628268e+003
-1.554726e+003
-1.467384e+003
-1.367017e+003
-1.254516e+003
-1.130879e+003
-9.972036e+002
-8.546765e+002
-7.045627e+002
-5.481946e+002
-3.869601e+002
-2.222903e+002
-5.564664e+001
1.114915e+002
2.776406e+002
4.413261e+002
6.010950e+002
7.555292e+002
9.032578e+002
1.042970e+003
1.173425e+003
1.293466e+003
1.402026e+003
1.498143e+003
1.580963e+003
1.649751e+003
1.703897e+003
1.742919e+003
1.766472e+003
1.774346e+003
1.766472e+003
1.742919e+003
1.703897e+003
1.649751e+003
1.580963e+003
1.498143e+003
1.402026e+003
1.293466e+003
1.173425e+003
1.042970e+003
9.032578e+002
7.555292e+002
6.010950e+002
4.413261e+002
2.776406e+002
1.114915e+002
-5.564664e+001
-2.222903e+002
-3.869601e+002
-5.481946e+002
-7.045627e+002
-8.546765e+002
-9.972036e+002
-1.130879e+003
-1.254516e+003
-1.367017e+003
-1.467384e+003
-1.554726e+003
-1.628268e+003
-1.687357e+003
-1.731468e+003
-1.760210e+003
-1.773327e+003
-1.770705e+003
-1.752365e+003
-1.718470e+003
-1.669322e+003
-1.605356e+003
-1.527141e+003
-1.435371e+003
-1.330860e+003
-1.214536e+003
-1.087431e+003
-9.506744e+002
-8.054792e+002
-6.531343e+002
-4.949921e+002
-3.324560e+002
-1.669690e+002
3.224233e-014
1.669690e+002
3.324560e+002
4.949921e+002
6.531343e+002
8.054792e+002
9.506744e+002
1.087431e+003
1.214536e+003
1.330860e+003
1.435371e+003
1.527141e+003
1.605356e+003
1.669322e+003
1.718470e+003
1.752365e+003
1.770705e+003
1.773327e+003
1.760210e+003
1.731468e+003
1.687357e+003
1.628268e+003
1.554726e+003
1.467384e+003
1.367017e+003
1.254516e+003
1.130879e+003
9.972036e+002
8.546765e+002
7.045627e+002
5.481946e+002
3.869601e+002
2.222903e+002
5.564664e+001
-1.114915e+002
-2.776406e+002
-4.413261e+002
-6.010950e+002
-7.555292e+002
-9.032578e+002
-1.042970e+003
-1.173425e+003
-1.293466e+003
-1.402026e+003
-1.498143e+003
-1.580963e+003
-1.649751e+003
-1.703897e+003
-1.742919e+003
-1.766472e+003
-1.774346e+003
-1.766472e+003
-1.742919e+003
-1.703897e+003
-1.649751e+003
-1.580963e+003
-1.498143e+003
-1.402026e+003
-1.293466e+003
-1.173425e+003
-1.042970e+003
-9.032578e+002
-7.555292e+002
-6.010950e+002
-4.413261e+002
-2.776406e+002
-1.114915e+002
5.564664e+001
2.222903e+002
3.869601e+002
5.481946e+002
7.045627e+002
8.546765e+002
9.972036e+002
1.130879e+003
1.254516e+003
1.367017e+003
1.467384e+003
1.554726e+003
1.628268e+003
1.687357e+003
1.731468e+003
1.760210e+003
1.773327e+003
1.770705e+003
1.752365e+003
1.718470e+003
1.669322e+003
1.605356e+003
1.527141e+003
1.435371e+003
1.330860e+003
1.214536e+003
1.087431e+003
9.506744e+002
8.054792e+002
6.531343e+002
4.949921e+002
3.324560e+002
1.669690e+002
-3.224233e-014
-1.669690e+002
-3.324560e+002
-4.949921e+002
-6.531343e+002
-8.054792e+002
-9.506744e+002
-1.087431e+003
-1.214536e+003
-1.330860e+003
-1.435371e+003
-1.527141e+003
-1.605356e+003
-1.669322e+003
-1.718470e+003
-1.752365e+003
-1.770705e+003
-1.773327e+003
-1.760210e+003
-1.731468e+003
-1.687357e+003
-1.628268e+003
-1.554726e+003
-1.467384e+003
-1.367017e+003
-1.254516e+003
-1.130879e+003
-9.972036e+002
-8.546765e+002
-7.045627e+002
-5.481946e+002
-3.869601e+002
-2.222903e+002
-5.564664e+001
1.114915e+002
2.776406e+002
4.413261e+002
6.010950e+002
7.555292e+002
9.032578e+002
1.042970e+003
1.173425e+003
1.293466e+003
1.402026e+003
1.498143e+003
1.580963e+003
1.649751e+003
1.703897e+003
1.742919e+003
1.766472e+003
1.774346e+003
1.766472e+003
1.742919e+003
1.703897e+003
1.649751e+003
1.580963e+003
1.498143e+003
1.402026e+003
1.293466e+003
1.173425e+003
1.042970e+003
9.032578e+002
7.555292e+002
6.010950e+002
4.413261e+002
2.776406e+002
1.114915e+002
-5.564664e+001
-2.222903e+002
-3.869601e+002
-5.481946e+002
-7.045627e+002
-8.546765e+002
-9.972036e+002
-1.130879e+003
-1.254516e+003
-1.367017e+003
-1.467384e+003
-1.554726e+003
-1.628268e+003
-1.687357e+003
-1.731468e+003
-1.760210e+003
-1.773327e+003
-1.770705e+003
-1.752365e+003
-1.718470e+003
-1.669322e+003
-1.605356e+003
-1.527141e+003
-1.435371e+003
-1.330860e+003
-1.214536e+003
-1.087431e+003
-9.506744e+002
-8.054792e+002
-6.531343e+002
-4.949921e+002
-3.324560e+002
-1.669690e+002
3.224233e-014
1.669690e+002
3.324560e+002
4.949921e+002
6.531343e+002
8.054792e+002
9.506744e+002
1.087431e+003
1.214536e+003
1.330860e+003
1.435371e+003
1.527141e+003
1.605356e+003
1.669322e+003
1.718470e+003
1.752365e+003
1.770705e+003
1.773327e+003
1.760210e+003
1.731468e+003
1.687357e+003
1.628268e+003
1.554726e+003
1.467384e+003
1.367017e+003
1.254516e+003
1.130879e+003
9.972036e+002
8.546765e+002
7.045627e+002
5.481946e+002
3.869601e+002
2.222903e+002
5.564664e+001
-1.114915e+002
-2.776406e+002
-4.413261e+002
-6.010950e+002
-7.555292e+002
-9.032578e+002
-1.042970e+003
-1.173425e+003
-1.293466e+003
-1.402026e+003
-1.498143e+003
-1.580963e+003
-1.649751e+003
-1.703897e+003
-1.742919e+003
-1.766472e+003
-1.774346e+003
-1.766472e+003
-1.742919e+003
-1.703897e+003
-1.649751e+003
-1.580963e+003
-1.498143e+003
-1.402026e+003
-1.293466e+003
-1.173425e+003
-1.042970e+003
-9.032578e+002
-7.555292e+002
-6.010950e+002
-4.413261e+002
-2.776406e+002
-1.114915e+002
5.564664e+001
2.222903e+002
3.869601e+002
5.481946e+002
7.045627e+002
8.546765e+002
9.972036e+002
1.130879e+003
1.254516e+003
1.367017e+003
1.467384e+003
1.554726e+003
1.628268e+003
1.687357e+003
1.731468e+003
1.760210e+003
1.773327e+003
1.770705e+003
1.752365e+003
1.718470e+003
1.669322e+003
1.605356e+003
1.527141e+003
1.435371e+003
1.330860e+003
1.214536e+003
1.087431e+003
9.506744e+002
8.054792e+002
6.531343e+002
4.949921e+002
3.324560e+002
1.669690e+002
-3.224233e-014
-1.669690e+002
-3.324560e+002
-4.949921e+002
-6.531343e+002
-8.054792e+002
-9.506744e+002
-1.087431e+003
-1.214536e+003
-1.330860e+003
-1.435371e+003
-1.527141e+003
-1.605356e+003
-1.669322e+003
-1.718470e+003
-1.752365e+003
-1.770705e+003
-1.773327e+003
-1.760210e+003
-1.731468e+003
-1.687357e+003
-1.628268e+003
-1.554726e+003
-1.467384e+003
-1.367017e+003
-1.254516e+003
-1.130879e+003
-9.972036e+002
-8.546765e+002
-7.045627e+002
-5.481946e+002
-3.869601e+002
-2.222903e+002
-5.564664e+001
1.114915e+002
2.776406e+002
4.413261e+002
6.010950e+002
7.555292e+002
9.032578e+002
1.042970e+003
1.173425e+003
1.293466e+003
1.402026e+003
1.498143e+003
1.580963e+003
1.649751e+003
1.703897e+003
1.742919e+003
1.766472e+003
1.774346e+003
1.766472e+003
1.742919e+003
1.703897e+003
1.649751e+003
1.580963e+003
1.498143e+003
1.402026e+003
1.293466e+003
1.173425e+003
1.042970e+003
9.032578e+002
7.555292e+002
6.010950e+002
4.413261e+002
2.776406e+002
1.114915e+002
-5.564664e+001
-2.222903e+002
-3.869601e+002
-5.481946e+002
-7.045627e+002
-8.546765e+002
-9.972036e+002
-1.130879e+003
-1.254516e+003
-1.367017e+003
-1.467384e+003
-1.554726e+003
-1.628268e+003
-1.687357e+003
-1.731468e+003
-1.760210e+003
-1.773327e+003
-1.770705e+003
-1.752365e+003
-1.718470e+003
-1.669322e+003
-1.605356e+003
-1.527141e+003
-1.435371e+003
-1.330860e+003
-1.214536e+003
-1.087431e+003
-9.506744e+002
-8.054792e+002
-6.531343e+002
-4.949921e+002
-3.324560e+002
-1.669690e+002
3.224233e-014
1.669690e+002
3.324560e+002
4.949921e+002
6.531343e+002
8.054792e+002
9.506744e+002
1.087431e+003
1.214536e+003
1.330860e+003
1.435371e+003
1.527141e+003
1.605356e+003
1.669322e+003
1.718470e+003
1.752365e+003
1.770705e+003
1.773327e+003
1.760210e+003
1.731468e+003
1.687357e+003
1.628268e+003
1.554726e+003
1.467384e+003
1.367017e+003
1.254516e+003
1.130879e+003
9.972036e+002
8.546765e+002
7.045627e+002
5.481946e+002
3.869601e+002
2.222903e+002
5.564664e+001
-1.114915e+002
-2.776406e+002
-4.413261e+002
-6.010950e+002
-7.555292e+002
-9.032578e+002
-1.042970e+003
-1.173425e+003
-1.293466e+003
-1.402026e+003
-1.498143e+003
-1.580963e+003
-1.649751e+003
-1.703897e+003
-1.742919e+003
-1.766472e+003
-1.774346e+003
-1.766472e+003
-1.742919e+003
-1.703897e+003
-1.649751e+003
-1.580963e+003
-1.498143e+003
-1.402026e+003
-1.293466e+003
-1.173425e+003
-1.042970e+003
-9.032578e+002
-7.555292e+002
-6.010950e+002
-4.413261e+002
-2.776406e+002
-1.114915e+002
5.564664e+001
2.222903e+002
3.869601e+002
5.481946e+002
7.045627e+002
8.546765e+002
9.972036e+002
1.130879e+003
1.254516e+003
1.367017e+003
1.467384e+003
1.554726e+003
1.628268e+003
1.687357e+003
1.731468e+003
1.760210e+003
1.773327e+003
1.770705e+003
1.752365e+003
1.718470e+003
1.669322e+003
1.605356e+003
1.527141e+003
1.435371e+003
1.330860e+003
1.214536e+003
1.087431e+003
9.506744e+002
8.054792e+002
6.531343e+002
4.949921e+002
3.324560e+002
1.669690e+002
-3.224233e-014
-1.669690e+002
-3.324560e+002
-4.949921e+002
-6.531343e+002
-8.054792e+002
-9.506744e+002
-1.087431e+003
-1.214536e+003
-1.330860e+003
-1.435371e+003
-1.527141e+003
-1.605356e+003
-1.669322e+003
-1.718470e+003
-1.752365e+003
-1.770705e+003
-1.773327e+003
-1.760210e+003
-1.731468e+003
-1.687357e+003
-1.628268e+003
-1.554726e+003
-1.467384e+003
-1.367017e+003
-1.254516e+003
-1.130879e+003
-9.972036e+002
-8.546765e+002
-7.045627e+002
-5.481946e+002
-3.869601e+002
-2.222903e+002
-5.564664e+001
1.114915e+002
2.776406e+002
4.413261e+002
6.010950e+002
7.555292e+002
9.032578e+002
1.042970e+003
1.173425e+003
1.293466e+003
1.402026e+003
1.498143e+003
1.580963e+003
1.649751e+003
1.703897e+003
1.742919e+003
1.766472e+003
1.774346e+003
1.766472e+003
1.742919e+003
1.703897e+003
1.649751e+003
1.580963e+003
1.498143e+003
1.402026e+003
1.293466e+003
1.173425e+003
1.042970e+003
9.032578e+002
7.555292e+002
6.010950e+002
4.413261e+002
2.776406e+002
1.114915e+002
-5.564664e+001
-2.222903e+002
-3.869601e+002
-5.481946e+002
-7.045627e+002
-8.546765e+002
-9.972036e+002
-1.130879e+003
-1.254516e+003
-1.367017e+003
-1.467384e+003
-1.554726e+003
-1.628268e+003
-1.687357e+003
-1.731468e+003
-1.760210e+003
-1.773327e+003
-1.770705e+003
-1.752365e+003
-1.718470e+003
-1.669322e+003
-1.605356e+003
-1.527141e+003
-1.435371e+003
-1.330860e+003
-1.214536e+003
-1.087431e+003
-9.506744e+002
-8.054792e+002
-6.531343e+002
-4.949921e+002
-3.324560e+002
-1.669690e+002
3.224233e-014
1.669690e+002
3.324560e+002
4.949921e+002
6.531343e+002
8.054792e+002
9.506744e+002
1.087431e+003
1.214536e+003
1.330860e+003
1.435371e+003
1.527141e+003
1.605356e+003
1.669322e+003
1.718470e+003
1.752365e+003
1.770705e+003
1.773327e+003
1.760210e+003
1.731468e+003
1.687357e+003
1.628268e+003
1.554726e+003
1.467384e+003
1.367017e+003
1.254516e+003
1.130879e+003
9.972036e+002
8.546765e+002
7.045627e+002
5.481946e+002
3.869601e+002
2.222903e+002
5.564664e+001
-1.114915e+002
-2.776406e+002
-4.413261e+002
-6.010950e+002
-7.555292e+002
-9.032578e+002
-1.042970e+003
-1.173425e+003
-1.293466e+003
-1.402026e+003
-1.498143e+003
-1.580963e+003
-1.649751e+003
-1.703897e+003
-1.742919e+003
-1.766472e+003
-1.774346e+003
-1.766472e+003
-1.742919e+003
-1.703897e+003
-1.649751e+003
-1.580963e+003
-1.498143e+003
-1.402026e+003
-1.293466e+003
-1.173425e+003
-1.042970e+003
-9.032578e+002
-7.555292e+002
-6.010950e+002
-4.413261e+002
-2.776406e+002
-1.114915e+002
5.564664e+001
2.222903e+002
3.869601e+002
5.481946e+002
7.045627e+002
8.546765e+002
9.972036e+002
1.130879e+003
1.254516e+003
1.367017e+003
1.467384e+003
1.554726e+003
1.628268e+003
1.687357e+003
1.731468e+003
1.760210e+003
1.773327e+003
1.770705e+003
1.752365e+003
1.718470e+003
1.669322e+003
1.605356e+003
1.527141e+003
1.435371e+003
1.330860e+003
1.214536e+003
1.087431e+003
9.506744e+002
8.054792e+002
6.531343e+002
4.949921e+002
3.324560e+002
1.669690e+002
-3.224233e-014
-1.669690e+002
-3.324560e+002
-4.949921e+002
-6.531343e+002
-8.054792e+002
-9.506744e+002
-1.087431e+003
-1.214536e+003
-1.330860e+003
-1.435371e+003
-1.527141e+003
-1.605356e+003
-1.669322e+003
-1.718470e+003
-1.752365e+003
-1.770705e+003
-1.773327e+003
-1.760210e+003
-1.731468e+003
-1.687357e+003
-1.628268e+003
-1.554726e+003
-1.467384e+003
-1.367017e+003
-1.254516e+003
-1.130879e+003
-9.972036e+002
-8.546765e+002
-7.045627e+002
-5.481946e+002
-3.869601e+002
-2.222903e+002
-5.564664e+001
1.114915e+002
2.776406e+002
4.413261e+002
6.010950e+002
7.555292e+002
9.032578e+002
1.042970e+003
1.173425e+003
1.293466e+003
1.402026e+003
1.498143e+003
1.580963e+003
1.649751e+003
1.703897e+003
1.742919e+003
1.766472e+003
1.774346e+003
1.766472e+003
1.742919e+003
1.703897e+003
1.649751e+003
1.580963e+003
1.498143e+003
1.402026e+003
1.293466e+003
1.173425e+003
1.042970e+003
9.032578e+002
7.555292e+002
6.010950e+002
4.413261e+002
2.776406e+002
1.114915e+002
-5.564664e+001
-2.222903e+002
-3.869601e+002
-5.481946e+002
-7.045627e+002
-8.546765e+002
-9.972036e+002
-1.130879e+003
-1.254516e+003
-1.367017e+003
-1.467384e+003
-1.554726e+003
-1.628268e+003
-1.687357e+003
-1.731468e+003
-1.760210e+003
-1.773327e+003
-1.770705e+003
-1.752365e+003
-1.718470e+003
-1.669322e+003
-1.605356e+003
-1.527141e+003
-1.435371e+003
-1.330860e+003
-1.214536e+003
-1.087431e+003
-9.506744e+002
-8.054792e+002
-6.531343e+002
-4.949921e+002
-3.324560e+002
-1.669690e+002
3.224233e-014
1.669690e+002
3.324560e+002
4.949921e+002
6.531343e+002
8.054792e+002
9.506744e+002
1.087431e+003
1.214536e+003
1.330860e+003
1.435371e+003
1.527141e+003
1.605356e+003
1.669322e+003
1.718470e+003
1.752365e+003
1.770705e+003
1.773327e+003
1.760210e+003
1.731468e+003
1.687357e+003
1.628268e+003
1.554726e+003
1.467384e+003
1.367017e+003
1.254516e+003
1.130879e+003
9.972036e+002
8.546765e+002
7.045627e+002
5.481946e+002
3.869601e+002
2.222903e+002
5.564664e+001
-1.114915e+002
-2.776406e+002
-4.413261e+002
-6.010950e+002
-7.555292e+002
-9.032578e+002
-1.042970e+003
-1.173425e+003
-1.293466e+003
-1.402026e+003
-1.498143e+003
-1.580963e+003
-1.649751e+003
-1.703897e+003
-1.742919e+003
-1.766472e+003
-1.774346e+003
-1.766472e+003
-1.742919e+003
-1.703897e+003
-1.649751e+003
-1.580963e+003
-1.498143e+003
-1.402026e+003
-1.293466e+003
-1.173425e+003
-1.042970e+003
-9.032578e+002
-7.555292e+002
-6.010950e+002
-4.413261e+002
-2.776406e+002
-1.114915e+002
5.564664e+001
2.222903e+002
3.869601e+002
5.481946e+002
7.045627e+002
8.546765e+002
9.972036e+002
1.130879e+003
1.254516e+003
1.367017e+003
1.467384e+003
1.554726e+003
1.628268e+003
1.687357e+003
1.731468e+003
1.760210e+003
1.773327e+003
1.770705e+003
1.752365e+003
1.718470e+003
1.669322e+003
1.605356e+003
1.527141e+003
1.435371e+003
1.330860e+003
1.214536e+003
1.087431e+003
9.506744e+002
8.054792e+002
6.531343e+002
4.949921e+002
3.324560e+002
1.669690e+002
-3.224233e-014
-1.669690e+002
-3.324560e+002
-4.949921e+002
-6.531343e+002
-8.054792e+002
-9.506744e+002
-1.087431e+003
-1.214536e+003
-1.330860e+003
-1.435371e+003
-1.527141e+003
-1.605356e+003
-1.669322e+003
-1.718470e+003
-1.752365e+003
-1.770705e+003
-1.773327e+003
-1.760210e+003
-1.731468e+003
-1.687357e+003
-1.628268e+003
-1.554726e+003
-1.467384e+003
-1.367017e+003
-1.254516e+003
-1.130879e+003
-9.972036e+002
-8.546765e+002
-7.045627e+002
-5.481946e+002
-3.869601e+002
-2.222903e+002
-5.564664e+001
1.114915e+002
2.776406e+002
4.413261e+002
6.010950e+002
7.555292e+002
9.032578e+002
1.042970e+003
1.173425e+003
1.293466e+003
1.402026e+003
1.498143e+003
1.580963e+003
1.649751e+003
1.703897e+003
1.742919e+003
1.766472e+003
1.774346e+003
1.766472e+003
1.742919e+003
1.703897e+003
1.649751e+003
1.580963e+003
1.498143e+003
1.402026e+003
1.293466e+003
1.173425e+003
1.042970e+003
9.032578e+002
7.555292e+002
6.010950e+002
4.413261e+002
2.776406e+002
1.114915e+002
-5.564664e+001
-2.222903e+002
-3.869601e+002
-5.481946e+002
-7.045627e+002
-8.546765e+002
-9.972036e+002
-1.130879e+003
-1.254516e+003
-1.367017e+003
-1.467384e+003
-1.554726e+003
-1.628268e+003
-1.687357e+003
-1.731468e+003
-1.760210e+003
-1.773327e+003
-1.770705e+003
-1.752365e+003
-1.718470e+003
-1.669322e+003
-1.605356e+003
-1.527141e+003
-1.435371e+003
-1.330860e+003
-1.214536e+003
-1.087431e+003
-9.506744e+002
-8.054792e+002
-6.531343e+002
-4.949921e+002
-3.324560e+002
-1.669690e+002
3.224233e-014
1.669690e+002
3.324560e+002
4.949921e+002
6.531343e+002
8.054792e+002
9.506744e+002
1.087431e+003
1.214536e+003
1.330860e+003
1.435371e+003
1.527141e+003
1.605356e+003
1.669322e+003
1.718470e+003
1.752365e+003
1.770705e+003
